=== D-3-alt buildWalletAndWaitForFunds via restore (script) ===
Run start: 2026-05-08T19:56:42+07:00
Helper: scripts/_d3alt-balance-via-restore.ts (will delete post-run)

--- saved state mtimes BEFORE ---
1778157636 2026-05-07 19:40:36.124004541 +0700 3188442 midnight-level-db/preprod/dust.json
1778157636 2026-05-07 19:40:36.120138869 +0700 3965 midnight-level-db/preprod/shielded.json
1778157636 2026-05-07 19:40:36.120138869 +0700 736 midnight-level-db/preprod/unshielded.json

--- run completed ---
Wall-clock elapsed: 95s
Exit code: 124  (124=timeout SIGTERM, 137=SIGKILL, 0=clean exit, 2=script-caught error)

--- saved state mtimes AFTER ---
1778157636 2026-05-07 19:40:36.124004541 +0700 3188442 midnight-level-db/preprod/dust.json
1778157636 2026-05-07 19:40:36.120138869 +0700 3965 midnight-level-db/preprod/shielded.json
1778157636 2026-05-07 19:40:36.120138869 +0700 736 midnight-level-db/preprod/unshielded.json

--- diagnostic flags ---
fresh-start ('No saved state at') hits: 0
restore ('Restoring saved state') hits: 1
dust-wait spinner hits: 0

STOP: process killed by timeout — likely hung (dust regen wait, network, or restore failure).

--- stdout (last 80 lines) ---
[sync emission #754 t=58.4s] isSynced=false dust.coins=1 night=1000000000
[sync emission #755 t=58.5s] isSynced=false dust.coins=1 night=1000000000
[sync emission #756 t=58.6s] isSynced=false dust.coins=1 night=1000000000
[sync emission #757 t=58.6s] isSynced=false dust.coins=1 night=1000000000
[sync emission #758 t=58.7s] isSynced=false dust.coins=1 night=1000000000
[sync emission #759 t=58.8s] isSynced=false dust.coins=1 night=1000000000
[sync emission #760 t=58.8s] isSynced=false dust.coins=1 night=1000000000
[sync emission #761 t=58.9s] isSynced=false dust.coins=1 night=1000000000
[sync emission #762 t=58.9s] isSynced=false dust.coins=1 night=1000000000
[sync emission #763 t=59.0s] isSynced=false dust.coins=1 night=1000000000
[sync emission #764 t=59.1s] isSynced=false dust.coins=1 night=1000000000
[sync emission #765 t=59.1s] isSynced=false dust.coins=1 night=1000000000
[sync emission #766 t=59.2s] isSynced=false dust.coins=1 night=1000000000
[sync emission #767 t=59.3s] isSynced=false dust.coins=1 night=1000000000
[sync emission #768 t=59.4s] isSynced=false dust.coins=1 night=1000000000
[sync emission #769 t=59.4s] isSynced=false dust.coins=1 night=1000000000
[sync emission #770 t=59.5s] isSynced=false dust.coins=1 night=1000000000
[sync emission #771 t=59.6s] isSynced=false dust.coins=1 night=1000000000
[sync emission #772 t=59.6s] isSynced=false dust.coins=1 night=1000000000
[sync emission #773 t=59.7s] isSynced=false dust.coins=1 night=1000000000
[sync emission #774 t=59.8s] isSynced=false dust.coins=1 night=1000000000
[sync emission #775 t=59.8s] isSynced=false dust.coins=1 night=1000000000
[sync emission #776 t=59.9s] isSynced=false dust.coins=1 night=1000000000
[sync emission #777 t=60.0s] isSynced=false dust.coins=1 night=1000000000
[sync emission #778 t=60.0s] isSynced=false dust.coins=1 night=1000000000
[sync emission #779 t=60.1s] isSynced=false dust.coins=1 night=1000000000
[sync emission #780 t=60.1s] isSynced=false dust.coins=1 night=1000000000
[sync emission #781 t=60.2s] isSynced=false dust.coins=1 night=1000000000
[sync emission #782 t=60.3s] isSynced=false dust.coins=1 night=1000000000
[sync emission #783 t=60.3s] isSynced=false dust.coins=1 night=1000000000
[sync emission #784 t=60.4s] isSynced=false dust.coins=1 night=1000000000
[sync emission #785 t=60.5s] isSynced=false dust.coins=1 night=1000000000
[sync emission #786 t=60.5s] isSynced=false dust.coins=1 night=1000000000
[sync emission #787 t=60.6s] isSynced=false dust.coins=1 night=1000000000
[sync emission #788 t=60.7s] isSynced=false dust.coins=1 night=1000000000
[sync emission #789 t=60.7s] isSynced=false dust.coins=1 night=1000000000
[sync emission #790 t=60.9s] isSynced=false dust.coins=1 night=1000000000
[sync emission #791 t=60.9s] isSynced=false dust.coins=1 night=1000000000
[sync emission #792 t=61.0s] isSynced=false dust.coins=1 night=1000000000
[sync emission #793 t=61.1s] isSynced=false dust.coins=1 night=1000000000
[sync emission #794 t=61.1s] isSynced=false dust.coins=1 night=1000000000
[sync emission #795 t=61.2s] isSynced=false dust.coins=1 night=1000000000
[sync emission #796 t=61.3s] isSynced=false dust.coins=1 night=1000000000
[sync emission #797 t=61.5s] isSynced=false dust.coins=1 night=1000000000
[sync emission #798 t=61.5s] isSynced=false dust.coins=1 night=1000000000
[sync emission #799 t=61.7s] isSynced=false dust.coins=1 night=1000000000
[sync emission #800 t=61.7s] isSynced=false dust.coins=1 night=1000000000
[sync emission #801 t=61.8s] isSynced=false dust.coins=1 night=1000000000
[sync emission #802 t=61.8s] isSynced=false dust.coins=1 night=1000000000
[sync emission #803 t=61.9s] isSynced=false dust.coins=1 night=1000000000
[sync emission #804 t=62.0s] isSynced=false dust.coins=1 night=1000000000
[sync emission #805 t=62.1s] isSynced=false dust.coins=1 night=1000000000
[sync emission #806 t=62.2s] isSynced=false dust.coins=1 night=1000000000
[sync emission #807 t=62.3s] isSynced=false dust.coins=1 night=1000000000
[sync emission #808 t=62.4s] isSynced=false dust.coins=1 night=1000000000
[sync emission #809 t=62.5s] isSynced=false dust.coins=1 night=1000000000
[sync emission #810 t=62.6s] isSynced=false dust.coins=1 night=1000000000
[sync emission #811 t=62.6s] isSynced=false dust.coins=1 night=1000000000
[sync emission #812 t=62.8s] isSynced=false dust.coins=1 night=1000000000
[sync emission #813 t=62.9s] isSynced=false dust.coins=1 night=1000000000
[sync emission #814 t=62.9s] isSynced=false dust.coins=1 night=1000000000
[sync emission #815 t=63.0s] isSynced=false dust.coins=1 night=1000000000
[sync emission #816 t=63.1s] isSynced=false dust.coins=1 night=1000000000
[sync emission #817 t=63.2s] isSynced=false dust.coins=1 night=1000000000
[sync emission #818 t=63.3s] isSynced=false dust.coins=1 night=1000000000
[sync emission #819 t=63.4s] isSynced=false dust.coins=1 night=1000000000
[sync emission #820 t=63.4s] isSynced=false dust.coins=1 night=1000000000
[sync emission #821 t=63.5s] isSynced=false dust.coins=1 night=1000000000
[sync emission #822 t=63.6s] isSynced=false dust.coins=1 night=1000000000
[sync emission #823 t=63.6s] isSynced=false dust.coins=1 night=1000000000
[sync emission #824 t=63.7s] isSynced=false dust.coins=1 night=1000000000
[sync emission #825 t=63.8s] isSynced=false dust.coins=1 night=1000000000
[sync emission #826 t=63.8s] isSynced=false dust.coins=1 night=1000000000
[sync emission #827 t=63.9s] isSynced=false dust.coins=1 night=1000000000
[sync emission #828 t=64.0s] isSynced=false dust.coins=1 night=1000000000
[sync emission #829 t=64.1s] isSynced=false dust.coins=1 night=1000000000
[sync emission #830 t=64.1s] isSynced=false dust.coins=1 night=1000000000
[sync emission #831 t=64.3s] isSynced=false dust.coins=1 night=1000000000
[sync emission #832 t=64.3s] isSynced=false dust.coins=1 night=1000000000
[sync emission #833 t=64.4s] isSynced=false dust.coins=1 night=1000000000

--- stderr (last 30 lines) ---
2026-05-08 19:57:16        RPC-CORE: subscribeRuntimeVersion(): RuntimeVersion:: disconnected from wss://rpc.preprod.midnight.network/: 1000:: Normal Closure
2026-05-08 19:57:16        RPC-CORE: subscribeRuntimeVersion(): RuntimeVersion:: disconnected from wss://rpc.preprod.midnight.network/: 1000:: Normal Closure
