
[wallet] Restoring saved state from /home/takuya/midnight/gyotak-catch/midnight-level-db/preprod
  ✓ Building wallet

──────────────────────────────────────────────────────────────
  Wallet Overview                            Network: preprod
──────────────────────────────────────────────────────────────
  Unshielded Address (send tNight here):
  mn_addr_preprod156r935l92s4r6ze2k4nffn0k5en25jqprhg9x3xl3lm0ltkaam8q4py66s
──────────────────────────────────────────────────────────────

[deploy] Starting wallet sync (no spinner wrap)...
[sync emission #1 t=0.0s] isSynced=false dust.coins=1 night=1000000000
[sync emission #2 t=1.1s] isSynced=false dust.coins=1 night=1000000000
[sync emission #3 t=1.1s] isSynced=false dust.coins=1 night=1000000000
[sync emission #4 t=1.1s] isSynced=false dust.coins=1 night=1000000000
[sync emission #5 t=1.1s] isSynced=false dust.coins=1 night=1000000000
[sync emission #6 t=1.2s] isSynced=false dust.coins=1 night=1000000000
[sync emission #7 t=1.3s] isSynced=false dust.coins=1 night=1000000000
[sync emission #8 t=1.4s] isSynced=false dust.coins=1 night=1000000000
[sync emission #9 t=1.7s] isSynced=false dust.coins=1 night=1000000000
[sync emission #10 t=1.8s] isSynced=false dust.coins=1 night=1000000000
[sync emission #11 t=2.1s] isSynced=false dust.coins=1 night=1000000000
[sync emission #12 t=2.3s] isSynced=false dust.coins=1 night=1000000000
[sync emission #13 t=2.5s] isSynced=false dust.coins=1 night=1000000000
[sync emission #14 t=2.7s] isSynced=false dust.coins=1 night=1000000000
[sync emission #15 t=3.8s] isSynced=false dust.coins=1 night=1000000000
[sync emission #16 t=3.9s] isSynced=false dust.coins=1 night=1000000000
[sync emission #17 t=4.2s] isSynced=false dust.coins=1 night=1000000000
[sync emission #18 t=4.3s] isSynced=false dust.coins=1 night=1000000000
[sync emission #19 t=4.5s] isSynced=false dust.coins=1 night=1000000000
[sync emission #20 t=4.6s] isSynced=false dust.coins=1 night=1000000000
[sync emission #21 t=4.8s] isSynced=false dust.coins=1 night=1000000000
[sync emission #22 t=4.9s] isSynced=false dust.coins=1 night=1000000000
[sync emission #23 t=5.0s] isSynced=false dust.coins=1 night=1000000000
[sync emission #24 t=5.1s] isSynced=false dust.coins=1 night=1000000000
[sync emission #25 t=5.3s] isSynced=false dust.coins=1 night=1000000000
[sync emission #26 t=5.4s] isSynced=false dust.coins=1 night=1000000000
[sync emission #27 t=5.6s] isSynced=false dust.coins=1 night=1000000000
[sync emission #28 t=5.7s] isSynced=false dust.coins=1 night=1000000000
[sync emission #29 t=5.9s] isSynced=false dust.coins=1 night=1000000000
[sync emission #30 t=6.1s] isSynced=false dust.coins=1 night=1000000000
[sync emission #31 t=6.2s] isSynced=false dust.coins=1 night=1000000000
[sync emission #32 t=6.3s] isSynced=false dust.coins=1 night=1000000000
[sync emission #33 t=6.4s] isSynced=false dust.coins=1 night=1000000000
[sync emission #34 t=6.5s] isSynced=false dust.coins=1 night=1000000000
[sync emission #35 t=6.6s] isSynced=false dust.coins=1 night=1000000000
[sync emission #36 t=6.7s] isSynced=false dust.coins=1 night=1000000000
[sync emission #37 t=6.8s] isSynced=false dust.coins=1 night=1000000000
[sync emission #38 t=6.8s] isSynced=false dust.coins=1 night=1000000000
[sync emission #39 t=6.9s] isSynced=false dust.coins=1 night=1000000000
[sync emission #40 t=7.0s] isSynced=false dust.coins=1 night=1000000000
[sync emission #41 t=7.1s] isSynced=false dust.coins=1 night=1000000000
[sync emission #42 t=7.2s] isSynced=false dust.coins=1 night=1000000000
[sync emission #43 t=7.3s] isSynced=false dust.coins=1 night=1000000000
[sync emission #44 t=7.5s] isSynced=false dust.coins=1 night=1000000000
[sync emission #45 t=7.6s] isSynced=false dust.coins=1 night=1000000000
[sync emission #46 t=7.7s] isSynced=false dust.coins=1 night=1000000000
[sync emission #47 t=8.0s] isSynced=false dust.coins=1 night=1000000000
[sync emission #48 t=8.2s] isSynced=false dust.coins=1 night=1000000000
[sync emission #49 t=8.3s] isSynced=false dust.coins=1 night=1000000000
[sync emission #50 t=8.4s] isSynced=false dust.coins=1 night=1000000000
[sync emission #51 t=8.5s] isSynced=false dust.coins=1 night=1000000000
[sync emission #52 t=8.6s] isSynced=false dust.coins=1 night=1000000000
[sync emission #53 t=8.7s] isSynced=false dust.coins=1 night=1000000000
[sync emission #54 t=8.8s] isSynced=false dust.coins=1 night=1000000000
[sync emission #55 t=8.9s] isSynced=false dust.coins=1 night=1000000000
[sync emission #56 t=9.0s] isSynced=false dust.coins=1 night=1000000000
[sync emission #57 t=9.0s] isSynced=false dust.coins=1 night=1000000000
[sync emission #58 t=9.1s] isSynced=false dust.coins=1 night=1000000000
[sync emission #59 t=9.2s] isSynced=false dust.coins=1 night=1000000000
[sync emission #60 t=9.3s] isSynced=false dust.coins=1 night=1000000000
[sync emission #61 t=9.4s] isSynced=false dust.coins=1 night=1000000000
[sync emission #62 t=9.4s] isSynced=false dust.coins=1 night=1000000000
[sync emission #63 t=9.5s] isSynced=false dust.coins=1 night=1000000000
[sync emission #64 t=9.6s] isSynced=false dust.coins=1 night=1000000000
[sync emission #65 t=9.7s] isSynced=false dust.coins=1 night=1000000000
[sync emission #66 t=9.7s] isSynced=false dust.coins=1 night=1000000000
[sync emission #67 t=9.9s] isSynced=false dust.coins=1 night=1000000000
[sync emission #68 t=9.9s] isSynced=false dust.coins=1 night=1000000000
[sync emission #69 t=10.0s] isSynced=false dust.coins=1 night=1000000000
[sync emission #70 t=10.2s] isSynced=false dust.coins=1 night=1000000000
[sync emission #71 t=10.4s] isSynced=false dust.coins=1 night=1000000000
[sync emission #72 t=10.4s] isSynced=false dust.coins=1 night=1000000000
[sync emission #73 t=10.5s] isSynced=false dust.coins=1 night=1000000000
[sync emission #74 t=10.6s] isSynced=false dust.coins=1 night=1000000000
[sync emission #75 t=10.7s] isSynced=false dust.coins=1 night=1000000000
[sync emission #76 t=10.7s] isSynced=false dust.coins=1 night=1000000000
[sync emission #77 t=10.8s] isSynced=false dust.coins=1 night=1000000000
[sync emission #78 t=10.9s] isSynced=false dust.coins=1 night=1000000000
[sync emission #79 t=11.0s] isSynced=false dust.coins=1 night=1000000000
[sync emission #80 t=11.0s] isSynced=false dust.coins=1 night=1000000000
[sync emission #81 t=11.1s] isSynced=false dust.coins=1 night=1000000000
[sync emission #82 t=11.2s] isSynced=false dust.coins=1 night=1000000000
[sync emission #83 t=11.3s] isSynced=false dust.coins=1 night=1000000000
[sync emission #84 t=11.3s] isSynced=false dust.coins=1 night=1000000000
[sync emission #85 t=11.4s] isSynced=false dust.coins=1 night=1000000000
[sync emission #86 t=11.5s] isSynced=false dust.coins=1 night=1000000000
[sync emission #87 t=11.6s] isSynced=false dust.coins=1 night=1000000000
[sync emission #88 t=11.6s] isSynced=false dust.coins=1 night=1000000000
[sync emission #89 t=11.7s] isSynced=false dust.coins=1 night=1000000000
[sync emission #90 t=11.8s] isSynced=false dust.coins=1 night=1000000000
[sync emission #91 t=11.8s] isSynced=false dust.coins=1 night=1000000000
[sync emission #92 t=11.9s] isSynced=false dust.coins=1 night=1000000000
[sync emission #93 t=12.0s] isSynced=false dust.coins=1 night=1000000000
[sync emission #94 t=12.0s] isSynced=false dust.coins=1 night=1000000000
[sync emission #95 t=12.1s] isSynced=false dust.coins=1 night=1000000000
[sync emission #96 t=12.2s] isSynced=false dust.coins=1 night=1000000000
[sync emission #97 t=12.3s] isSynced=false dust.coins=1 night=1000000000
[sync emission #98 t=12.3s] isSynced=false dust.coins=1 night=1000000000
[sync emission #99 t=12.4s] isSynced=false dust.coins=1 night=1000000000
[sync emission #100 t=12.5s] isSynced=false dust.coins=1 night=1000000000
[sync emission #101 t=12.5s] isSynced=false dust.coins=1 night=1000000000
[sync emission #102 t=12.6s] isSynced=false dust.coins=1 night=1000000000
[sync emission #103 t=12.7s] isSynced=false dust.coins=1 night=1000000000
[sync emission #104 t=14.6s] isSynced=false dust.coins=1 night=1000000000
[sync emission #105 t=14.6s] isSynced=false dust.coins=1 night=1000000000
[sync emission #106 t=14.7s] isSynced=false dust.coins=1 night=1000000000
[sync emission #107 t=14.8s] isSynced=false dust.coins=1 night=1000000000
[sync emission #108 t=14.8s] isSynced=false dust.coins=1 night=1000000000
[sync emission #109 t=14.9s] isSynced=false dust.coins=1 night=1000000000
[sync emission #110 t=14.9s] isSynced=false dust.coins=1 night=1000000000
[sync emission #111 t=15.0s] isSynced=false dust.coins=1 night=1000000000
[sync emission #112 t=15.1s] isSynced=false dust.coins=1 night=1000000000
[sync emission #113 t=15.1s] isSynced=false dust.coins=1 night=1000000000
[sync emission #114 t=15.2s] isSynced=false dust.coins=1 night=1000000000
[sync emission #115 t=15.3s] isSynced=false dust.coins=1 night=1000000000
[sync emission #116 t=15.3s] isSynced=false dust.coins=1 night=1000000000
[sync emission #117 t=15.4s] isSynced=false dust.coins=1 night=1000000000
[sync emission #118 t=15.5s] isSynced=false dust.coins=1 night=1000000000
[sync emission #119 t=15.6s] isSynced=false dust.coins=1 night=1000000000
[sync emission #120 t=15.7s] isSynced=false dust.coins=1 night=1000000000
[sync emission #121 t=15.8s] isSynced=false dust.coins=1 night=1000000000
[sync emission #122 t=15.9s] isSynced=false dust.coins=1 night=1000000000
[sync emission #123 t=16.0s] isSynced=false dust.coins=1 night=1000000000
[sync emission #124 t=16.0s] isSynced=false dust.coins=1 night=1000000000
[sync emission #125 t=16.1s] isSynced=false dust.coins=1 night=1000000000
[sync emission #126 t=16.2s] isSynced=false dust.coins=1 night=1000000000
[sync emission #127 t=16.2s] isSynced=false dust.coins=1 night=1000000000
[sync emission #128 t=16.3s] isSynced=false dust.coins=1 night=1000000000
[sync emission #129 t=16.4s] isSynced=false dust.coins=1 night=1000000000
[sync emission #130 t=16.4s] isSynced=false dust.coins=1 night=1000000000
[sync emission #131 t=16.5s] isSynced=false dust.coins=1 night=1000000000
[sync emission #132 t=16.6s] isSynced=false dust.coins=1 night=1000000000
[sync emission #133 t=16.7s] isSynced=false dust.coins=1 night=1000000000
[sync emission #134 t=16.7s] isSynced=false dust.coins=1 night=1000000000
[sync emission #135 t=16.8s] isSynced=false dust.coins=1 night=1000000000
[sync emission #136 t=16.8s] isSynced=false dust.coins=1 night=1000000000
[sync emission #137 t=16.9s] isSynced=false dust.coins=1 night=1000000000
[sync emission #138 t=17.0s] isSynced=false dust.coins=1 night=1000000000
[sync emission #139 t=17.1s] isSynced=false dust.coins=1 night=1000000000
[sync emission #140 t=17.1s] isSynced=false dust.coins=1 night=1000000000
[sync emission #141 t=17.2s] isSynced=false dust.coins=1 night=1000000000
[sync emission #142 t=17.3s] isSynced=false dust.coins=1 night=1000000000
[sync emission #143 t=17.4s] isSynced=false dust.coins=1 night=1000000000
[sync emission #144 t=17.4s] isSynced=false dust.coins=1 night=1000000000
[sync emission #145 t=17.5s] isSynced=false dust.coins=1 night=1000000000
[sync emission #146 t=17.6s] isSynced=false dust.coins=1 night=1000000000
[sync emission #147 t=17.7s] isSynced=false dust.coins=1 night=1000000000
[sync emission #148 t=17.8s] isSynced=false dust.coins=1 night=1000000000
[sync emission #149 t=17.9s] isSynced=false dust.coins=1 night=1000000000
[sync emission #150 t=18.0s] isSynced=false dust.coins=1 night=1000000000
[sync emission #151 t=18.1s] isSynced=false dust.coins=1 night=1000000000
[sync emission #152 t=18.1s] isSynced=false dust.coins=1 night=1000000000
[sync emission #153 t=18.2s] isSynced=false dust.coins=1 night=1000000000
[sync emission #154 t=18.3s] isSynced=false dust.coins=1 night=1000000000
[sync emission #155 t=18.3s] isSynced=false dust.coins=1 night=1000000000
[sync emission #156 t=18.4s] isSynced=false dust.coins=1 night=1000000000
[sync emission #157 t=18.5s] isSynced=false dust.coins=1 night=1000000000
[sync emission #158 t=18.6s] isSynced=false dust.coins=1 night=1000000000
[sync emission #159 t=18.6s] isSynced=false dust.coins=1 night=1000000000
[sync emission #160 t=18.7s] isSynced=false dust.coins=1 night=1000000000
[sync emission #161 t=18.8s] isSynced=false dust.coins=1 night=1000000000
[sync emission #162 t=18.8s] isSynced=false dust.coins=1 night=1000000000
[sync emission #163 t=18.9s] isSynced=false dust.coins=1 night=1000000000
[sync emission #164 t=18.9s] isSynced=false dust.coins=1 night=1000000000
[sync emission #165 t=19.0s] isSynced=false dust.coins=1 night=1000000000
[sync emission #166 t=19.1s] isSynced=false dust.coins=1 night=1000000000
[sync emission #167 t=19.2s] isSynced=false dust.coins=1 night=1000000000
[sync emission #168 t=19.2s] isSynced=false dust.coins=1 night=1000000000
[sync emission #169 t=19.3s] isSynced=false dust.coins=1 night=1000000000
[sync emission #170 t=19.4s] isSynced=false dust.coins=1 night=1000000000
[sync emission #171 t=19.4s] isSynced=false dust.coins=1 night=1000000000
[sync emission #172 t=19.5s] isSynced=false dust.coins=1 night=1000000000
[sync emission #173 t=19.5s] isSynced=false dust.coins=1 night=1000000000
[sync emission #174 t=19.6s] isSynced=false dust.coins=1 night=1000000000
[sync emission #175 t=19.7s] isSynced=false dust.coins=1 night=1000000000
[sync emission #176 t=19.8s] isSynced=false dust.coins=1 night=1000000000
[sync emission #177 t=19.8s] isSynced=false dust.coins=1 night=1000000000
[sync emission #178 t=19.9s] isSynced=false dust.coins=1 night=1000000000
[sync emission #179 t=19.9s] isSynced=false dust.coins=1 night=1000000000
[sync emission #180 t=20.0s] isSynced=false dust.coins=1 night=1000000000
[sync emission #181 t=20.1s] isSynced=false dust.coins=1 night=1000000000
[sync emission #182 t=20.1s] isSynced=false dust.coins=1 night=1000000000
[sync emission #183 t=20.2s] isSynced=false dust.coins=1 night=1000000000
[sync emission #184 t=20.3s] isSynced=false dust.coins=1 night=1000000000
[sync emission #185 t=20.3s] isSynced=false dust.coins=1 night=1000000000
[sync emission #186 t=20.4s] isSynced=false dust.coins=1 night=1000000000
[sync emission #187 t=20.5s] isSynced=false dust.coins=1 night=1000000000
[sync emission #188 t=20.5s] isSynced=false dust.coins=1 night=1000000000
[sync emission #189 t=20.6s] isSynced=false dust.coins=1 night=1000000000
[sync emission #190 t=20.7s] isSynced=false dust.coins=1 night=1000000000
[sync emission #191 t=20.7s] isSynced=false dust.coins=1 night=1000000000
[sync emission #192 t=20.8s] isSynced=false dust.coins=1 night=1000000000
[sync emission #193 t=20.9s] isSynced=false dust.coins=1 night=1000000000
[sync emission #194 t=20.9s] isSynced=false dust.coins=1 night=1000000000
[sync emission #195 t=21.0s] isSynced=false dust.coins=1 night=1000000000
[sync emission #196 t=21.0s] isSynced=false dust.coins=1 night=1000000000
[sync emission #197 t=21.1s] isSynced=false dust.coins=1 night=1000000000
[sync emission #198 t=21.2s] isSynced=false dust.coins=1 night=1000000000
[sync emission #199 t=21.2s] isSynced=false dust.coins=1 night=1000000000
[sync emission #200 t=21.3s] isSynced=false dust.coins=1 night=1000000000
[sync emission #201 t=21.3s] isSynced=false dust.coins=1 night=1000000000
[sync emission #202 t=21.4s] isSynced=false dust.coins=1 night=1000000000
[sync emission #203 t=21.4s] isSynced=false dust.coins=1 night=1000000000
[sync emission #204 t=21.5s] isSynced=false dust.coins=1 night=1000000000
[sync emission #205 t=21.6s] isSynced=false dust.coins=1 night=1000000000
[sync emission #206 t=21.6s] isSynced=false dust.coins=1 night=1000000000
[sync emission #207 t=21.7s] isSynced=false dust.coins=1 night=1000000000
[sync emission #208 t=21.7s] isSynced=false dust.coins=1 night=1000000000
[sync emission #209 t=21.8s] isSynced=false dust.coins=1 night=1000000000
[sync emission #210 t=21.9s] isSynced=false dust.coins=1 night=1000000000
[sync emission #211 t=21.9s] isSynced=false dust.coins=1 night=1000000000
[sync emission #212 t=22.0s] isSynced=false dust.coins=1 night=1000000000
[sync emission #213 t=22.1s] isSynced=false dust.coins=1 night=1000000000
[sync emission #214 t=22.1s] isSynced=false dust.coins=1 night=1000000000
[sync emission #215 t=22.2s] isSynced=false dust.coins=1 night=1000000000
[sync emission #216 t=22.3s] isSynced=false dust.coins=1 night=1000000000
[sync emission #217 t=22.4s] isSynced=false dust.coins=1 night=1000000000
[sync emission #218 t=22.5s] isSynced=false dust.coins=1 night=1000000000
[sync emission #219 t=22.6s] isSynced=false dust.coins=1 night=1000000000
[sync emission #220 t=22.6s] isSynced=false dust.coins=1 night=1000000000
[sync emission #221 t=22.7s] isSynced=false dust.coins=1 night=1000000000
[sync emission #222 t=22.7s] isSynced=false dust.coins=1 night=1000000000
[sync emission #223 t=22.8s] isSynced=false dust.coins=1 night=1000000000
[sync emission #224 t=22.9s] isSynced=false dust.coins=1 night=1000000000
[sync emission #225 t=22.9s] isSynced=false dust.coins=1 night=1000000000
[sync emission #226 t=23.0s] isSynced=false dust.coins=1 night=1000000000
[sync emission #227 t=23.0s] isSynced=false dust.coins=1 night=1000000000
[sync emission #228 t=23.1s] isSynced=false dust.coins=1 night=1000000000
[sync emission #229 t=23.2s] isSynced=false dust.coins=1 night=1000000000
[sync emission #230 t=23.3s] isSynced=false dust.coins=1 night=1000000000
[sync emission #231 t=23.4s] isSynced=false dust.coins=1 night=1000000000
[sync emission #232 t=23.5s] isSynced=false dust.coins=1 night=1000000000
[sync emission #233 t=23.5s] isSynced=false dust.coins=1 night=1000000000
[sync emission #234 t=23.6s] isSynced=false dust.coins=1 night=1000000000
[sync emission #235 t=23.6s] isSynced=false dust.coins=1 night=1000000000
[sync emission #236 t=23.7s] isSynced=false dust.coins=1 night=1000000000
[sync emission #237 t=23.7s] isSynced=false dust.coins=1 night=1000000000
[sync emission #238 t=23.8s] isSynced=false dust.coins=1 night=1000000000
[sync emission #239 t=23.9s] isSynced=false dust.coins=1 night=1000000000
[sync emission #240 t=23.9s] isSynced=false dust.coins=1 night=1000000000
[sync emission #241 t=24.0s] isSynced=false dust.coins=1 night=1000000000
[sync emission #242 t=24.1s] isSynced=false dust.coins=1 night=1000000000
[sync emission #243 t=24.1s] isSynced=false dust.coins=1 night=1000000000
[sync emission #244 t=24.2s] isSynced=false dust.coins=1 night=1000000000
[sync emission #245 t=24.2s] isSynced=false dust.coins=1 night=1000000000
[sync emission #246 t=24.3s] isSynced=false dust.coins=1 night=1000000000
[sync emission #247 t=24.3s] isSynced=false dust.coins=1 night=1000000000
[sync emission #248 t=24.4s] isSynced=false dust.coins=1 night=1000000000
[sync emission #249 t=24.5s] isSynced=false dust.coins=1 night=1000000000
[sync emission #250 t=24.5s] isSynced=false dust.coins=1 night=1000000000
[sync emission #251 t=24.6s] isSynced=false dust.coins=1 night=1000000000
[sync emission #252 t=24.7s] isSynced=false dust.coins=1 night=1000000000
[sync emission #253 t=24.7s] isSynced=false dust.coins=1 night=1000000000
[sync emission #254 t=24.8s] isSynced=false dust.coins=1 night=1000000000
[sync emission #255 t=24.8s] isSynced=false dust.coins=1 night=1000000000
[sync emission #256 t=24.9s] isSynced=false dust.coins=1 night=1000000000
[sync emission #257 t=25.0s] isSynced=false dust.coins=1 night=1000000000
[sync emission #258 t=25.0s] isSynced=false dust.coins=1 night=1000000000
[sync emission #259 t=25.1s] isSynced=false dust.coins=1 night=1000000000
[sync emission #260 t=25.1s] isSynced=false dust.coins=1 night=1000000000
[sync emission #261 t=25.2s] isSynced=false dust.coins=1 night=1000000000
[sync emission #262 t=25.2s] isSynced=false dust.coins=1 night=1000000000
[sync emission #263 t=25.3s] isSynced=false dust.coins=1 night=1000000000
[sync emission #264 t=25.3s] isSynced=false dust.coins=1 night=1000000000
[sync emission #265 t=25.4s] isSynced=false dust.coins=1 night=1000000000
[sync emission #266 t=25.5s] isSynced=false dust.coins=1 night=1000000000
[sync emission #267 t=25.5s] isSynced=false dust.coins=1 night=1000000000
[sync emission #268 t=25.6s] isSynced=false dust.coins=1 night=1000000000
[sync emission #269 t=25.6s] isSynced=false dust.coins=1 night=1000000000
[sync emission #270 t=25.7s] isSynced=false dust.coins=1 night=1000000000
[sync emission #271 t=25.7s] isSynced=false dust.coins=1 night=1000000000
[sync emission #272 t=25.8s] isSynced=false dust.coins=1 night=1000000000
[sync emission #273 t=25.9s] isSynced=false dust.coins=1 night=1000000000
[sync emission #274 t=25.9s] isSynced=false dust.coins=1 night=1000000000
[sync emission #275 t=26.0s] isSynced=false dust.coins=1 night=1000000000
[sync emission #276 t=26.1s] isSynced=false dust.coins=1 night=1000000000
[sync emission #277 t=26.1s] isSynced=false dust.coins=1 night=1000000000
[sync emission #278 t=26.2s] isSynced=false dust.coins=1 night=1000000000
[sync emission #279 t=26.2s] isSynced=false dust.coins=1 night=1000000000
[sync emission #280 t=26.3s] isSynced=false dust.coins=1 night=1000000000
[sync emission #281 t=26.4s] isSynced=false dust.coins=1 night=1000000000
[sync emission #282 t=26.4s] isSynced=false dust.coins=1 night=1000000000
[sync emission #283 t=26.5s] isSynced=false dust.coins=1 night=1000000000
[sync emission #284 t=26.6s] isSynced=false dust.coins=1 night=1000000000
[sync emission #285 t=26.6s] isSynced=false dust.coins=1 night=1000000000
[sync emission #286 t=26.7s] isSynced=false dust.coins=1 night=1000000000
[sync emission #287 t=26.8s] isSynced=false dust.coins=1 night=1000000000
[sync emission #288 t=26.9s] isSynced=false dust.coins=1 night=1000000000
[sync emission #289 t=26.9s] isSynced=false dust.coins=1 night=1000000000
[sync emission #290 t=27.0s] isSynced=false dust.coins=1 night=1000000000
[sync emission #291 t=27.1s] isSynced=false dust.coins=1 night=1000000000
[sync emission #292 t=27.1s] isSynced=false dust.coins=1 night=1000000000
[sync emission #293 t=27.2s] isSynced=false dust.coins=1 night=1000000000
[sync emission #294 t=27.3s] isSynced=false dust.coins=1 night=1000000000
[sync emission #295 t=27.3s] isSynced=false dust.coins=1 night=1000000000
[sync emission #296 t=27.4s] isSynced=false dust.coins=1 night=1000000000
[sync emission #297 t=27.4s] isSynced=false dust.coins=1 night=1000000000
[sync emission #298 t=27.5s] isSynced=false dust.coins=1 night=1000000000
[sync emission #299 t=27.6s] isSynced=false dust.coins=1 night=1000000000
[sync emission #300 t=27.6s] isSynced=false dust.coins=1 night=1000000000
[sync emission #301 t=27.7s] isSynced=false dust.coins=1 night=1000000000
[sync emission #302 t=27.7s] isSynced=false dust.coins=1 night=1000000000
[sync emission #303 t=27.8s] isSynced=false dust.coins=1 night=1000000000
[sync emission #304 t=27.9s] isSynced=false dust.coins=1 night=1000000000
[sync emission #305 t=27.9s] isSynced=false dust.coins=1 night=1000000000
[sync emission #306 t=28.0s] isSynced=false dust.coins=1 night=1000000000
[sync emission #307 t=28.1s] isSynced=false dust.coins=1 night=1000000000
[sync emission #308 t=28.1s] isSynced=false dust.coins=1 night=1000000000
[sync emission #309 t=28.2s] isSynced=false dust.coins=1 night=1000000000
[sync emission #310 t=28.3s] isSynced=false dust.coins=1 night=1000000000
[sync emission #311 t=28.3s] isSynced=false dust.coins=1 night=1000000000
[sync emission #312 t=28.4s] isSynced=false dust.coins=1 night=1000000000
[sync emission #313 t=28.5s] isSynced=false dust.coins=1 night=1000000000
[sync emission #314 t=28.6s] isSynced=false dust.coins=1 night=1000000000
[sync emission #315 t=28.7s] isSynced=false dust.coins=1 night=1000000000
[sync emission #316 t=28.7s] isSynced=false dust.coins=1 night=1000000000
[sync emission #317 t=28.8s] isSynced=false dust.coins=1 night=1000000000
[sync emission #318 t=28.9s] isSynced=false dust.coins=1 night=1000000000
[sync emission #319 t=28.9s] isSynced=false dust.coins=1 night=1000000000
[sync emission #320 t=29.0s] isSynced=false dust.coins=1 night=1000000000
[sync emission #321 t=29.0s] isSynced=false dust.coins=1 night=1000000000
[sync emission #322 t=29.1s] isSynced=false dust.coins=1 night=1000000000
[sync emission #323 t=29.2s] isSynced=false dust.coins=1 night=1000000000
[sync emission #324 t=29.2s] isSynced=false dust.coins=1 night=1000000000
[sync emission #325 t=29.3s] isSynced=false dust.coins=1 night=1000000000
[sync emission #326 t=29.3s] isSynced=false dust.coins=1 night=1000000000
[sync emission #327 t=29.4s] isSynced=false dust.coins=1 night=1000000000
[sync emission #328 t=29.4s] isSynced=false dust.coins=1 night=1000000000
[sync emission #329 t=29.5s] isSynced=false dust.coins=1 night=1000000000
[sync emission #330 t=29.6s] isSynced=false dust.coins=1 night=1000000000
[sync emission #331 t=29.6s] isSynced=false dust.coins=1 night=1000000000
[sync emission #332 t=29.7s] isSynced=false dust.coins=1 night=1000000000
[sync emission #333 t=29.7s] isSynced=false dust.coins=1 night=1000000000
[sync emission #334 t=29.8s] isSynced=false dust.coins=1 night=1000000000
[sync emission #335 t=29.9s] isSynced=false dust.coins=1 night=1000000000
[sync emission #336 t=29.9s] isSynced=false dust.coins=1 night=1000000000
[sync emission #337 t=30.0s] isSynced=false dust.coins=1 night=1000000000
[sync emission #338 t=30.0s] isSynced=false dust.coins=1 night=1000000000
[sync emission #339 t=30.1s] isSynced=false dust.coins=1 night=1000000000
[sync emission #340 t=30.1s] isSynced=false dust.coins=1 night=1000000000
[sync emission #341 t=30.2s] isSynced=false dust.coins=1 night=1000000000
[sync emission #342 t=30.3s] isSynced=false dust.coins=1 night=1000000000
[sync emission #343 t=30.3s] isSynced=false dust.coins=1 night=1000000000
[sync emission #344 t=30.4s] isSynced=false dust.coins=1 night=1000000000
[sync emission #345 t=30.6s] isSynced=false dust.coins=1 night=1000000000
[sync emission #346 t=30.6s] isSynced=false dust.coins=1 night=1000000000
[sync emission #347 t=30.7s] isSynced=false dust.coins=1 night=1000000000
[sync emission #348 t=30.8s] isSynced=false dust.coins=1 night=1000000000
[sync emission #349 t=30.9s] isSynced=false dust.coins=1 night=1000000000
[sync emission #350 t=30.9s] isSynced=false dust.coins=1 night=1000000000
[sync emission #351 t=31.0s] isSynced=false dust.coins=1 night=1000000000
[sync emission #352 t=31.1s] isSynced=false dust.coins=1 night=1000000000
[sync emission #353 t=31.1s] isSynced=false dust.coins=1 night=1000000000
[sync emission #354 t=31.2s] isSynced=false dust.coins=1 night=1000000000
[sync emission #355 t=31.3s] isSynced=false dust.coins=1 night=1000000000
[sync emission #356 t=31.3s] isSynced=false dust.coins=1 night=1000000000
[sync emission #357 t=31.3s] isSynced=false dust.coins=1 night=1000000000
[sync emission #358 t=31.4s] isSynced=false dust.coins=1 night=1000000000
[sync emission #359 t=31.4s] isSynced=false dust.coins=1 night=1000000000
[sync emission #360 t=31.5s] isSynced=false dust.coins=1 night=1000000000
[sync emission #361 t=31.6s] isSynced=false dust.coins=1 night=1000000000
[sync emission #362 t=31.6s] isSynced=false dust.coins=1 night=1000000000
[sync emission #363 t=31.7s] isSynced=false dust.coins=1 night=1000000000
[sync emission #364 t=31.7s] isSynced=false dust.coins=1 night=1000000000
[sync emission #365 t=31.8s] isSynced=false dust.coins=1 night=1000000000
[sync emission #366 t=31.9s] isSynced=false dust.coins=1 night=1000000000
[sync emission #367 t=31.9s] isSynced=false dust.coins=1 night=1000000000
[sync emission #368 t=32.0s] isSynced=false dust.coins=1 night=1000000000
[sync emission #369 t=32.0s] isSynced=false dust.coins=1 night=1000000000
[sync emission #370 t=32.1s] isSynced=false dust.coins=1 night=1000000000
[sync emission #371 t=32.2s] isSynced=false dust.coins=1 night=1000000000
[sync emission #372 t=32.2s] isSynced=false dust.coins=1 night=1000000000
[sync emission #373 t=32.3s] isSynced=false dust.coins=1 night=1000000000
[sync emission #374 t=32.4s] isSynced=false dust.coins=1 night=1000000000
[sync emission #375 t=32.4s] isSynced=false dust.coins=1 night=1000000000
[sync emission #376 t=32.5s] isSynced=false dust.coins=1 night=1000000000
[sync emission #377 t=32.5s] isSynced=false dust.coins=1 night=1000000000
[sync emission #378 t=32.6s] isSynced=false dust.coins=1 night=1000000000
[sync emission #379 t=32.7s] isSynced=false dust.coins=1 night=1000000000
[sync emission #380 t=32.7s] isSynced=false dust.coins=1 night=1000000000
[sync emission #381 t=32.8s] isSynced=false dust.coins=1 night=1000000000
[sync emission #382 t=32.9s] isSynced=false dust.coins=1 night=1000000000
[sync emission #383 t=32.9s] isSynced=false dust.coins=1 night=1000000000
[sync emission #384 t=33.0s] isSynced=false dust.coins=1 night=1000000000
[sync emission #385 t=33.0s] isSynced=false dust.coins=1 night=1000000000
[sync emission #386 t=33.1s] isSynced=false dust.coins=1 night=1000000000
[sync emission #387 t=33.2s] isSynced=false dust.coins=1 night=1000000000
[sync emission #388 t=33.2s] isSynced=false dust.coins=1 night=1000000000
[sync emission #389 t=33.3s] isSynced=false dust.coins=1 night=1000000000
[sync emission #390 t=33.3s] isSynced=false dust.coins=1 night=1000000000
[sync emission #391 t=33.4s] isSynced=false dust.coins=1 night=1000000000
[sync emission #392 t=33.4s] isSynced=false dust.coins=1 night=1000000000
[sync emission #393 t=33.5s] isSynced=false dust.coins=1 night=1000000000
[sync emission #394 t=33.6s] isSynced=false dust.coins=1 night=1000000000
[sync emission #395 t=33.6s] isSynced=false dust.coins=1 night=1000000000
[sync emission #396 t=33.7s] isSynced=false dust.coins=1 night=1000000000
[sync emission #397 t=33.7s] isSynced=false dust.coins=1 night=1000000000
[sync emission #398 t=33.8s] isSynced=false dust.coins=1 night=1000000000
[sync emission #399 t=33.9s] isSynced=false dust.coins=1 night=1000000000
[sync emission #400 t=33.9s] isSynced=false dust.coins=1 night=1000000000
[sync emission #401 t=34.0s] isSynced=false dust.coins=1 night=1000000000
[sync emission #402 t=34.1s] isSynced=false dust.coins=1 night=1000000000
[sync emission #403 t=34.1s] isSynced=false dust.coins=1 night=1000000000
[sync emission #404 t=34.2s] isSynced=false dust.coins=1 night=1000000000
[sync emission #405 t=34.2s] isSynced=false dust.coins=1 night=1000000000
[sync emission #406 t=34.3s] isSynced=false dust.coins=1 night=1000000000
[sync emission #407 t=34.3s] isSynced=false dust.coins=1 night=1000000000
[sync emission #408 t=34.4s] isSynced=false dust.coins=1 night=1000000000
[sync emission #409 t=34.4s] isSynced=false dust.coins=1 night=1000000000
[sync emission #410 t=34.5s] isSynced=false dust.coins=1 night=1000000000
[sync emission #411 t=34.6s] isSynced=false dust.coins=1 night=1000000000
[sync emission #412 t=34.6s] isSynced=false dust.coins=1 night=1000000000
[sync emission #413 t=34.7s] isSynced=false dust.coins=1 night=1000000000
[sync emission #414 t=34.8s] isSynced=false dust.coins=1 night=1000000000
[sync emission #415 t=34.8s] isSynced=false dust.coins=1 night=1000000000
[sync emission #416 t=34.9s] isSynced=false dust.coins=1 night=1000000000
[sync emission #417 t=35.0s] isSynced=false dust.coins=1 night=1000000000
[sync emission #418 t=35.0s] isSynced=false dust.coins=1 night=1000000000
[sync emission #419 t=35.1s] isSynced=false dust.coins=1 night=1000000000
[sync emission #420 t=35.2s] isSynced=false dust.coins=1 night=1000000000
[sync emission #421 t=35.2s] isSynced=false dust.coins=1 night=1000000000
[sync emission #422 t=35.3s] isSynced=false dust.coins=1 night=1000000000
[sync emission #423 t=35.4s] isSynced=false dust.coins=1 night=1000000000
[sync emission #424 t=35.4s] isSynced=false dust.coins=1 night=1000000000
[sync emission #425 t=35.5s] isSynced=false dust.coins=1 night=1000000000
[sync emission #426 t=35.6s] isSynced=false dust.coins=1 night=1000000000
[sync emission #427 t=35.6s] isSynced=false dust.coins=1 night=1000000000
[sync emission #428 t=35.7s] isSynced=false dust.coins=1 night=1000000000
[sync emission #429 t=35.7s] isSynced=false dust.coins=1 night=1000000000
[sync emission #430 t=35.8s] isSynced=false dust.coins=1 night=1000000000
[sync emission #431 t=35.9s] isSynced=false dust.coins=1 night=1000000000
[sync emission #432 t=35.9s] isSynced=false dust.coins=1 night=1000000000
[sync emission #433 t=36.0s] isSynced=false dust.coins=1 night=1000000000
[sync emission #434 t=36.0s] isSynced=false dust.coins=1 night=1000000000
[sync emission #435 t=36.1s] isSynced=false dust.coins=1 night=1000000000
[sync emission #436 t=36.2s] isSynced=false dust.coins=1 night=1000000000
[sync emission #437 t=36.2s] isSynced=false dust.coins=1 night=1000000000
[sync emission #438 t=36.3s] isSynced=false dust.coins=1 night=1000000000
[sync emission #439 t=36.4s] isSynced=false dust.coins=1 night=1000000000
[sync emission #440 t=36.4s] isSynced=false dust.coins=1 night=1000000000
[sync emission #441 t=36.5s] isSynced=false dust.coins=1 night=1000000000
[sync emission #442 t=36.5s] isSynced=false dust.coins=1 night=1000000000
[sync emission #443 t=36.6s] isSynced=false dust.coins=1 night=1000000000
[sync emission #444 t=36.7s] isSynced=false dust.coins=1 night=1000000000
[sync emission #445 t=36.7s] isSynced=false dust.coins=1 night=1000000000
[sync emission #446 t=36.8s] isSynced=false dust.coins=1 night=1000000000
[sync emission #447 t=36.8s] isSynced=false dust.coins=1 night=1000000000
[sync emission #448 t=36.9s] isSynced=false dust.coins=1 night=1000000000
[sync emission #449 t=37.0s] isSynced=false dust.coins=1 night=1000000000
[sync emission #450 t=37.0s] isSynced=false dust.coins=1 night=1000000000
[sync emission #451 t=37.1s] isSynced=false dust.coins=1 night=1000000000
[sync emission #452 t=37.2s] isSynced=false dust.coins=1 night=1000000000
[sync emission #453 t=37.2s] isSynced=false dust.coins=1 night=1000000000
[sync emission #454 t=37.3s] isSynced=false dust.coins=1 night=1000000000
[sync emission #455 t=37.4s] isSynced=false dust.coins=1 night=1000000000
[sync emission #456 t=37.4s] isSynced=false dust.coins=1 night=1000000000
[sync emission #457 t=37.5s] isSynced=false dust.coins=1 night=1000000000
[sync emission #458 t=37.6s] isSynced=false dust.coins=1 night=1000000000
[sync emission #459 t=37.6s] isSynced=false dust.coins=1 night=1000000000
[sync emission #460 t=37.7s] isSynced=false dust.coins=1 night=1000000000
[sync emission #461 t=37.8s] isSynced=false dust.coins=1 night=1000000000
[sync emission #462 t=37.8s] isSynced=false dust.coins=1 night=1000000000
[sync emission #463 t=37.9s] isSynced=false dust.coins=1 night=1000000000
[sync emission #464 t=37.9s] isSynced=false dust.coins=1 night=1000000000
[sync emission #465 t=38.0s] isSynced=false dust.coins=1 night=1000000000
[sync emission #466 t=38.1s] isSynced=false dust.coins=1 night=1000000000
[sync emission #467 t=38.2s] isSynced=false dust.coins=1 night=1000000000
[sync emission #468 t=38.2s] isSynced=false dust.coins=1 night=1000000000
[sync emission #469 t=38.3s] isSynced=false dust.coins=1 night=1000000000
[sync emission #470 t=38.4s] isSynced=false dust.coins=1 night=1000000000
[sync emission #471 t=38.4s] isSynced=false dust.coins=1 night=1000000000
[sync emission #472 t=38.5s] isSynced=false dust.coins=1 night=1000000000
[sync emission #473 t=38.6s] isSynced=false dust.coins=1 night=1000000000
[sync emission #474 t=38.7s] isSynced=false dust.coins=1 night=1000000000
[sync emission #475 t=38.7s] isSynced=false dust.coins=1 night=1000000000
[sync emission #476 t=38.8s] isSynced=false dust.coins=1 night=1000000000
[sync emission #477 t=38.9s] isSynced=false dust.coins=1 night=1000000000
[sync emission #478 t=38.9s] isSynced=false dust.coins=1 night=1000000000
[sync emission #479 t=39.0s] isSynced=false dust.coins=1 night=1000000000
[sync emission #480 t=39.0s] isSynced=false dust.coins=1 night=1000000000
[sync emission #481 t=39.1s] isSynced=false dust.coins=1 night=1000000000
[sync emission #482 t=39.2s] isSynced=false dust.coins=1 night=1000000000
[sync emission #483 t=39.3s] isSynced=false dust.coins=1 night=1000000000
[sync emission #484 t=39.3s] isSynced=false dust.coins=1 night=1000000000
[sync emission #485 t=39.4s] isSynced=false dust.coins=1 night=1000000000
[sync emission #486 t=39.5s] isSynced=false dust.coins=1 night=1000000000
[sync emission #487 t=39.5s] isSynced=false dust.coins=1 night=1000000000
[sync emission #488 t=39.6s] isSynced=false dust.coins=1 night=1000000000
[sync emission #489 t=39.6s] isSynced=false dust.coins=1 night=1000000000
[sync emission #490 t=39.7s] isSynced=false dust.coins=1 night=1000000000
[sync emission #491 t=39.8s] isSynced=false dust.coins=1 night=1000000000
[sync emission #492 t=39.9s] isSynced=false dust.coins=1 night=1000000000
[sync emission #493 t=40.0s] isSynced=false dust.coins=1 night=1000000000
[sync emission #494 t=40.0s] isSynced=false dust.coins=1 night=1000000000
[sync emission #495 t=40.1s] isSynced=false dust.coins=1 night=1000000000
[sync emission #496 t=40.1s] isSynced=false dust.coins=1 night=1000000000
[sync emission #497 t=40.2s] isSynced=false dust.coins=1 night=1000000000
[sync emission #498 t=40.2s] isSynced=false dust.coins=1 night=1000000000
[sync emission #499 t=40.3s] isSynced=false dust.coins=1 night=1000000000
[sync emission #500 t=40.4s] isSynced=false dust.coins=1 night=1000000000
[sync emission #501 t=40.4s] isSynced=false dust.coins=1 night=1000000000
[sync emission #502 t=40.5s] isSynced=false dust.coins=1 night=1000000000
[sync emission #503 t=40.6s] isSynced=false dust.coins=1 night=1000000000
[sync emission #504 t=40.6s] isSynced=false dust.coins=1 night=1000000000
[sync emission #505 t=40.7s] isSynced=false dust.coins=1 night=1000000000
[sync emission #506 t=40.7s] isSynced=false dust.coins=1 night=1000000000
[sync emission #507 t=40.8s] isSynced=false dust.coins=1 night=1000000000
[sync emission #508 t=40.9s] isSynced=false dust.coins=1 night=1000000000
[sync emission #509 t=40.9s] isSynced=false dust.coins=1 night=1000000000
[sync emission #510 t=41.0s] isSynced=false dust.coins=1 night=1000000000
[sync emission #511 t=41.1s] isSynced=false dust.coins=1 night=1000000000
[sync emission #512 t=41.1s] isSynced=false dust.coins=1 night=1000000000
[sync emission #513 t=41.2s] isSynced=false dust.coins=1 night=1000000000
[sync emission #514 t=41.3s] isSynced=false dust.coins=1 night=1000000000
[sync emission #515 t=41.3s] isSynced=false dust.coins=1 night=1000000000
[sync emission #516 t=41.4s] isSynced=false dust.coins=1 night=1000000000
[sync emission #517 t=41.5s] isSynced=false dust.coins=1 night=1000000000
[sync emission #518 t=41.5s] isSynced=false dust.coins=1 night=1000000000
[sync emission #519 t=41.6s] isSynced=false dust.coins=1 night=1000000000
[sync emission #520 t=41.6s] isSynced=false dust.coins=1 night=1000000000
[sync emission #521 t=41.7s] isSynced=false dust.coins=1 night=1000000000
[sync emission #522 t=41.8s] isSynced=false dust.coins=1 night=1000000000
[sync emission #523 t=41.9s] isSynced=false dust.coins=1 night=1000000000
[sync emission #524 t=41.9s] isSynced=false dust.coins=1 night=1000000000
[sync emission #525 t=42.0s] isSynced=false dust.coins=1 night=1000000000
[sync emission #526 t=42.0s] isSynced=false dust.coins=1 night=1000000000
[sync emission #527 t=42.1s] isSynced=false dust.coins=1 night=1000000000
[sync emission #528 t=42.2s] isSynced=false dust.coins=1 night=1000000000
[sync emission #529 t=42.2s] isSynced=false dust.coins=1 night=1000000000
[sync emission #530 t=42.3s] isSynced=false dust.coins=1 night=1000000000
[sync emission #531 t=42.4s] isSynced=false dust.coins=1 night=1000000000
[sync emission #532 t=42.4s] isSynced=false dust.coins=1 night=1000000000
[sync emission #533 t=42.5s] isSynced=false dust.coins=1 night=1000000000
[sync emission #534 t=42.6s] isSynced=false dust.coins=1 night=1000000000
[sync emission #535 t=42.6s] isSynced=false dust.coins=1 night=1000000000
[sync emission #536 t=42.7s] isSynced=false dust.coins=1 night=1000000000
[sync emission #537 t=42.8s] isSynced=false dust.coins=1 night=1000000000
[sync emission #538 t=42.8s] isSynced=false dust.coins=1 night=1000000000
[sync emission #539 t=42.9s] isSynced=false dust.coins=1 night=1000000000
[sync emission #540 t=43.0s] isSynced=false dust.coins=1 night=1000000000
[sync emission #541 t=43.0s] isSynced=false dust.coins=1 night=1000000000
[sync emission #542 t=43.1s] isSynced=false dust.coins=1 night=1000000000
[sync emission #543 t=43.1s] isSynced=false dust.coins=1 night=1000000000
[sync emission #544 t=43.2s] isSynced=false dust.coins=1 night=1000000000
[sync emission #545 t=43.3s] isSynced=false dust.coins=1 night=1000000000
[sync emission #546 t=43.4s] isSynced=false dust.coins=1 night=1000000000
[sync emission #547 t=43.4s] isSynced=false dust.coins=1 night=1000000000
[sync emission #548 t=43.5s] isSynced=false dust.coins=1 night=1000000000
[sync emission #549 t=43.6s] isSynced=false dust.coins=1 night=1000000000
[sync emission #550 t=43.7s] isSynced=false dust.coins=1 night=1000000000
[sync emission #551 t=43.7s] isSynced=false dust.coins=1 night=1000000000
[sync emission #552 t=43.8s] isSynced=false dust.coins=1 night=1000000000
[sync emission #553 t=43.8s] isSynced=false dust.coins=1 night=1000000000
[sync emission #554 t=43.9s] isSynced=false dust.coins=1 night=1000000000
[sync emission #555 t=44.0s] isSynced=false dust.coins=1 night=1000000000
[sync emission #556 t=44.0s] isSynced=false dust.coins=1 night=1000000000
[sync emission #557 t=44.1s] isSynced=false dust.coins=1 night=1000000000
[sync emission #558 t=44.2s] isSynced=false dust.coins=1 night=1000000000
[sync emission #559 t=44.2s] isSynced=false dust.coins=1 night=1000000000
[sync emission #560 t=44.3s] isSynced=false dust.coins=1 night=1000000000
[sync emission #561 t=44.3s] isSynced=false dust.coins=1 night=1000000000
[sync emission #562 t=44.4s] isSynced=false dust.coins=1 night=1000000000
[sync emission #563 t=44.5s] isSynced=false dust.coins=1 night=1000000000
[sync emission #564 t=44.6s] isSynced=false dust.coins=1 night=1000000000
[sync emission #565 t=44.6s] isSynced=false dust.coins=1 night=1000000000
[sync emission #566 t=44.7s] isSynced=false dust.coins=1 night=1000000000
[sync emission #567 t=44.8s] isSynced=false dust.coins=1 night=1000000000
[sync emission #568 t=44.8s] isSynced=false dust.coins=1 night=1000000000
[sync emission #569 t=44.9s] isSynced=false dust.coins=1 night=1000000000
[sync emission #570 t=45.0s] isSynced=false dust.coins=1 night=1000000000
[sync emission #571 t=45.0s] isSynced=false dust.coins=1 night=1000000000
[sync emission #572 t=45.1s] isSynced=false dust.coins=1 night=1000000000
[sync emission #573 t=45.2s] isSynced=false dust.coins=1 night=1000000000
[sync emission #574 t=45.2s] isSynced=false dust.coins=1 night=1000000000
[sync emission #575 t=45.3s] isSynced=false dust.coins=1 night=1000000000
[sync emission #576 t=45.4s] isSynced=false dust.coins=1 night=1000000000
[sync emission #577 t=45.5s] isSynced=false dust.coins=1 night=1000000000
[sync emission #578 t=45.5s] isSynced=false dust.coins=1 night=1000000000
[sync emission #579 t=45.6s] isSynced=false dust.coins=1 night=1000000000
[sync emission #580 t=45.7s] isSynced=false dust.coins=1 night=1000000000
[sync emission #581 t=45.7s] isSynced=false dust.coins=1 night=1000000000
[sync emission #582 t=45.8s] isSynced=false dust.coins=1 night=1000000000
[sync emission #583 t=45.9s] isSynced=false dust.coins=1 night=1000000000
[sync emission #584 t=45.9s] isSynced=false dust.coins=1 night=1000000000
[sync emission #585 t=46.0s] isSynced=false dust.coins=1 night=1000000000
[sync emission #586 t=46.1s] isSynced=false dust.coins=1 night=1000000000
[sync emission #587 t=46.1s] isSynced=false dust.coins=1 night=1000000000
[sync emission #588 t=46.2s] isSynced=false dust.coins=1 night=1000000000
[sync emission #589 t=46.3s] isSynced=false dust.coins=1 night=1000000000
[sync emission #590 t=46.3s] isSynced=false dust.coins=1 night=1000000000
[sync emission #591 t=46.4s] isSynced=false dust.coins=1 night=1000000000
[sync emission #592 t=46.5s] isSynced=false dust.coins=1 night=1000000000
[sync emission #593 t=46.5s] isSynced=false dust.coins=1 night=1000000000
[sync emission #594 t=46.6s] isSynced=false dust.coins=1 night=1000000000
[sync emission #595 t=46.7s] isSynced=false dust.coins=1 night=1000000000
[sync emission #596 t=46.7s] isSynced=false dust.coins=1 night=1000000000
[sync emission #597 t=48.6s] isSynced=false dust.coins=1 night=1000000000
[sync emission #598 t=48.6s] isSynced=false dust.coins=1 night=1000000000
[sync emission #599 t=48.7s] isSynced=false dust.coins=1 night=1000000000
[sync emission #600 t=48.8s] isSynced=false dust.coins=1 night=1000000000
[sync emission #601 t=48.9s] isSynced=false dust.coins=1 night=1000000000
[sync emission #602 t=48.9s] isSynced=false dust.coins=1 night=1000000000
[sync emission #603 t=49.0s] isSynced=false dust.coins=1 night=1000000000
[sync emission #604 t=49.1s] isSynced=false dust.coins=1 night=1000000000
[sync emission #605 t=49.1s] isSynced=false dust.coins=1 night=1000000000
[sync emission #606 t=49.2s] isSynced=false dust.coins=1 night=1000000000
[sync emission #607 t=49.3s] isSynced=false dust.coins=1 night=1000000000
[sync emission #608 t=49.4s] isSynced=false dust.coins=1 night=1000000000
[sync emission #609 t=49.4s] isSynced=false dust.coins=1 night=1000000000
[sync emission #610 t=49.5s] isSynced=false dust.coins=1 night=1000000000
[sync emission #611 t=49.6s] isSynced=false dust.coins=1 night=1000000000
[sync emission #612 t=49.6s] isSynced=false dust.coins=1 night=1000000000
[sync emission #613 t=49.7s] isSynced=false dust.coins=1 night=1000000000
[sync emission #614 t=49.7s] isSynced=false dust.coins=1 night=1000000000
[sync emission #615 t=49.8s] isSynced=false dust.coins=1 night=1000000000
[sync emission #616 t=49.9s] isSynced=false dust.coins=1 night=1000000000
[sync emission #617 t=50.0s] isSynced=false dust.coins=1 night=1000000000
[sync emission #618 t=50.0s] isSynced=false dust.coins=1 night=1000000000
[sync emission #619 t=50.1s] isSynced=false dust.coins=1 night=1000000000
[sync emission #620 t=50.2s] isSynced=false dust.coins=1 night=1000000000
[sync emission #621 t=50.2s] isSynced=false dust.coins=1 night=1000000000
[sync emission #622 t=50.3s] isSynced=false dust.coins=1 night=1000000000
[sync emission #623 t=50.4s] isSynced=false dust.coins=1 night=1000000000
[sync emission #624 t=50.4s] isSynced=false dust.coins=1 night=1000000000
[sync emission #625 t=50.5s] isSynced=false dust.coins=1 night=1000000000
[sync emission #626 t=50.6s] isSynced=false dust.coins=1 night=1000000000
[sync emission #627 t=50.6s] isSynced=false dust.coins=1 night=1000000000
[sync emission #628 t=50.7s] isSynced=false dust.coins=1 night=1000000000
[sync emission #629 t=50.8s] isSynced=false dust.coins=1 night=1000000000
[sync emission #630 t=50.8s] isSynced=false dust.coins=1 night=1000000000
[sync emission #631 t=50.9s] isSynced=false dust.coins=1 night=1000000000
[sync emission #632 t=51.0s] isSynced=false dust.coins=1 night=1000000000
[sync emission #633 t=51.0s] isSynced=false dust.coins=1 night=1000000000
[sync emission #634 t=51.1s] isSynced=false dust.coins=1 night=1000000000
[sync emission #635 t=51.2s] isSynced=false dust.coins=1 night=1000000000
[sync emission #636 t=51.3s] isSynced=false dust.coins=1 night=1000000000
[sync emission #637 t=51.3s] isSynced=false dust.coins=1 night=1000000000
[sync emission #638 t=51.4s] isSynced=false dust.coins=1 night=1000000000
[sync emission #639 t=51.5s] isSynced=false dust.coins=1 night=1000000000
[sync emission #640 t=51.6s] isSynced=false dust.coins=1 night=1000000000
[sync emission #641 t=51.6s] isSynced=false dust.coins=1 night=1000000000
[sync emission #642 t=51.7s] isSynced=false dust.coins=1 night=1000000000
[sync emission #643 t=51.8s] isSynced=false dust.coins=1 night=1000000000
[sync emission #644 t=51.8s] isSynced=false dust.coins=1 night=1000000000
[sync emission #645 t=51.9s] isSynced=false dust.coins=1 night=1000000000
[sync emission #646 t=52.0s] isSynced=false dust.coins=1 night=1000000000
[sync emission #647 t=52.0s] isSynced=false dust.coins=1 night=1000000000
[sync emission #648 t=52.1s] isSynced=false dust.coins=1 night=1000000000
[sync emission #649 t=52.2s] isSynced=false dust.coins=1 night=1000000000
[sync emission #650 t=52.2s] isSynced=false dust.coins=1 night=1000000000
[sync emission #651 t=52.3s] isSynced=false dust.coins=1 night=1000000000
[sync emission #652 t=52.4s] isSynced=false dust.coins=1 night=1000000000
[sync emission #653 t=52.5s] isSynced=false dust.coins=1 night=1000000000
[sync emission #654 t=52.5s] isSynced=false dust.coins=1 night=1000000000
[sync emission #655 t=52.6s] isSynced=false dust.coins=1 night=1000000000
[sync emission #656 t=52.7s] isSynced=false dust.coins=1 night=1000000000
[sync emission #657 t=52.7s] isSynced=false dust.coins=1 night=1000000000
[sync emission #658 t=52.8s] isSynced=false dust.coins=1 night=1000000000
[sync emission #659 t=52.9s] isSynced=false dust.coins=1 night=1000000000
[sync emission #660 t=52.9s] isSynced=false dust.coins=1 night=1000000000
[sync emission #661 t=53.0s] isSynced=false dust.coins=1 night=1000000000
[sync emission #662 t=53.0s] isSynced=false dust.coins=1 night=1000000000
[sync emission #663 t=53.1s] isSynced=false dust.coins=1 night=1000000000
[sync emission #664 t=53.2s] isSynced=false dust.coins=1 night=1000000000
[sync emission #665 t=53.3s] isSynced=false dust.coins=1 night=1000000000
[sync emission #666 t=53.3s] isSynced=false dust.coins=1 night=1000000000
[sync emission #667 t=53.4s] isSynced=false dust.coins=1 night=1000000000
[sync emission #668 t=53.5s] isSynced=false dust.coins=1 night=1000000000
[sync emission #669 t=53.5s] isSynced=false dust.coins=1 night=1000000000
[sync emission #670 t=53.6s] isSynced=false dust.coins=1 night=1000000000
[sync emission #671 t=53.7s] isSynced=false dust.coins=1 night=1000000000
[sync emission #672 t=53.7s] isSynced=false dust.coins=1 night=1000000000
[sync emission #673 t=53.8s] isSynced=false dust.coins=1 night=1000000000
[sync emission #674 t=53.8s] isSynced=false dust.coins=1 night=1000000000
[sync emission #675 t=53.9s] isSynced=false dust.coins=1 night=1000000000
[sync emission #676 t=54.0s] isSynced=false dust.coins=1 night=1000000000
[sync emission #677 t=54.0s] isSynced=false dust.coins=1 night=1000000000
[sync emission #678 t=54.1s] isSynced=false dust.coins=1 night=1000000000
[sync emission #679 t=54.2s] isSynced=false dust.coins=1 night=1000000000
[sync emission #680 t=54.2s] isSynced=false dust.coins=1 night=1000000000
[sync emission #681 t=54.3s] isSynced=false dust.coins=1 night=1000000000
[sync emission #682 t=54.4s] isSynced=false dust.coins=1 night=1000000000
[sync emission #683 t=54.4s] isSynced=false dust.coins=1 night=1000000000
[sync emission #684 t=54.5s] isSynced=false dust.coins=1 night=1000000000
[sync emission #685 t=54.5s] isSynced=false dust.coins=1 night=1000000000
[sync emission #686 t=54.6s] isSynced=false dust.coins=1 night=1000000000
[sync emission #687 t=54.7s] isSynced=false dust.coins=1 night=1000000000
[sync emission #688 t=54.7s] isSynced=false dust.coins=1 night=1000000000
[sync emission #689 t=54.8s] isSynced=false dust.coins=1 night=1000000000
[sync emission #690 t=54.9s] isSynced=false dust.coins=1 night=1000000000
[sync emission #691 t=55.0s] isSynced=false dust.coins=1 night=1000000000
[sync emission #692 t=55.0s] isSynced=false dust.coins=1 night=1000000000
[sync emission #693 t=55.1s] isSynced=false dust.coins=1 night=1000000000
[sync emission #694 t=55.1s] isSynced=false dust.coins=1 night=1000000000
[sync emission #695 t=55.2s] isSynced=false dust.coins=1 night=1000000000
[sync emission #696 t=55.3s] isSynced=false dust.coins=1 night=1000000000
[sync emission #697 t=55.3s] isSynced=false dust.coins=1 night=1000000000
[sync emission #698 t=55.4s] isSynced=false dust.coins=1 night=1000000000
[sync emission #699 t=55.5s] isSynced=false dust.coins=1 night=1000000000
[sync emission #700 t=55.5s] isSynced=false dust.coins=1 night=1000000000
[sync emission #701 t=55.6s] isSynced=false dust.coins=1 night=1000000000
[sync emission #702 t=55.6s] isSynced=false dust.coins=1 night=1000000000
[sync emission #703 t=55.7s] isSynced=false dust.coins=1 night=1000000000
[sync emission #704 t=55.8s] isSynced=false dust.coins=1 night=1000000000
[sync emission #705 t=55.8s] isSynced=false dust.coins=1 night=1000000000
[sync emission #706 t=55.9s] isSynced=false dust.coins=1 night=1000000000
[sync emission #707 t=56.0s] isSynced=false dust.coins=1 night=1000000000
[sync emission #708 t=56.0s] isSynced=false dust.coins=1 night=1000000000
[sync emission #709 t=56.1s] isSynced=false dust.coins=1 night=1000000000
[sync emission #710 t=56.2s] isSynced=false dust.coins=1 night=1000000000
[sync emission #711 t=56.2s] isSynced=false dust.coins=1 night=1000000000
[sync emission #712 t=56.3s] isSynced=false dust.coins=1 night=1000000000
[sync emission #713 t=56.4s] isSynced=false dust.coins=1 night=1000000000
[sync emission #714 t=56.4s] isSynced=false dust.coins=1 night=1000000000
[sync emission #715 t=56.5s] isSynced=false dust.coins=1 night=1000000000
[sync emission #716 t=56.6s] isSynced=false dust.coins=1 night=1000000000
[sync emission #717 t=56.6s] isSynced=false dust.coins=1 night=1000000000
[sync emission #718 t=56.7s] isSynced=false dust.coins=1 night=1000000000
[sync emission #719 t=56.8s] isSynced=false dust.coins=1 night=1000000000
[sync emission #720 t=56.9s] isSynced=false dust.coins=1 night=1000000000
[sync emission #721 t=57.0s] isSynced=false dust.coins=1 night=1000000000
[sync emission #722 t=57.0s] isSynced=false dust.coins=1 night=1000000000
[sync emission #723 t=57.1s] isSynced=false dust.coins=1 night=1000000000
[sync emission #724 t=57.2s] isSynced=false dust.coins=1 night=1000000000
[sync emission #725 t=57.2s] isSynced=false dust.coins=1 night=1000000000
[sync emission #726 t=57.3s] isSynced=false dust.coins=1 night=1000000000
[sync emission #727 t=57.3s] isSynced=false dust.coins=1 night=1000000000
[sync emission #728 t=57.4s] isSynced=false dust.coins=1 night=1000000000
[sync emission #729 t=57.5s] isSynced=false dust.coins=1 night=1000000000
[sync emission #730 t=57.5s] isSynced=false dust.coins=1 night=1000000000
[sync emission #731 t=57.6s] isSynced=false dust.coins=1 night=1000000000
[sync emission #732 t=57.6s] isSynced=false dust.coins=1 night=1000000000
[sync emission #733 t=57.7s] isSynced=false dust.coins=1 night=1000000000
[sync emission #734 t=57.7s] isSynced=false dust.coins=1 night=1000000000
[sync emission #735 t=57.8s] isSynced=false dust.coins=1 night=1000000000
[sync emission #736 t=57.9s] isSynced=false dust.coins=1 night=1000000000
[sync emission #737 t=57.9s] isSynced=false dust.coins=1 night=1000000000
[sync emission #738 t=58.0s] isSynced=false dust.coins=1 night=1000000000
[sync emission #739 t=58.0s] isSynced=false dust.coins=1 night=1000000000
[sync emission #740 t=58.1s] isSynced=false dust.coins=1 night=1000000000
[sync emission #741 t=58.2s] isSynced=false dust.coins=1 night=1000000000
[sync emission #742 t=58.2s] isSynced=false dust.coins=1 night=1000000000
[sync emission #743 t=58.3s] isSynced=false dust.coins=1 night=1000000000
[sync emission #744 t=58.3s] isSynced=false dust.coins=1 night=1000000000
[sync emission #745 t=58.4s] isSynced=false dust.coins=1 night=1000000000
[sync emission #746 t=58.5s] isSynced=false dust.coins=1 night=1000000000
[sync emission #747 t=58.5s] isSynced=false dust.coins=1 night=1000000000
[sync emission #748 t=58.6s] isSynced=false dust.coins=1 night=1000000000
[sync emission #749 t=58.6s] isSynced=false dust.coins=1 night=1000000000
[sync emission #750 t=58.7s] isSynced=false dust.coins=1 night=1000000000
[sync emission #751 t=58.7s] isSynced=false dust.coins=1 night=1000000000
[sync emission #752 t=58.8s] isSynced=false dust.coins=1 night=1000000000
[sync emission #753 t=58.9s] isSynced=false dust.coins=1 night=1000000000
[sync emission #754 t=58.9s] isSynced=false dust.coins=1 night=1000000000
[sync emission #755 t=59.0s] isSynced=false dust.coins=1 night=1000000000
[sync emission #756 t=59.1s] isSynced=false dust.coins=1 night=1000000000
[sync emission #757 t=59.1s] isSynced=false dust.coins=1 night=1000000000
[sync emission #758 t=59.2s] isSynced=false dust.coins=1 night=1000000000
[sync emission #759 t=59.3s] isSynced=false dust.coins=1 night=1000000000
[sync emission #760 t=59.3s] isSynced=false dust.coins=1 night=1000000000
[sync emission #761 t=59.4s] isSynced=false dust.coins=1 night=1000000000
[sync emission #762 t=59.4s] isSynced=false dust.coins=1 night=1000000000
[sync emission #763 t=59.5s] isSynced=false dust.coins=1 night=1000000000
[sync emission #764 t=59.6s] isSynced=false dust.coins=1 night=1000000000
[sync emission #765 t=59.6s] isSynced=false dust.coins=1 night=1000000000
[sync emission #766 t=59.7s] isSynced=false dust.coins=1 night=1000000000
[sync emission #767 t=59.7s] isSynced=false dust.coins=1 night=1000000000
[sync emission #768 t=59.8s] isSynced=false dust.coins=1 night=1000000000
[sync emission #769 t=59.9s] isSynced=false dust.coins=1 night=1000000000
[sync emission #770 t=59.9s] isSynced=false dust.coins=1 night=1000000000
[sync emission #771 t=60.0s] isSynced=false dust.coins=1 night=1000000000
[sync emission #772 t=60.0s] isSynced=false dust.coins=1 night=1000000000
[sync emission #773 t=60.1s] isSynced=false dust.coins=1 night=1000000000
[sync emission #774 t=60.2s] isSynced=false dust.coins=1 night=1000000000
[sync emission #775 t=60.2s] isSynced=false dust.coins=1 night=1000000000
[sync emission #776 t=60.3s] isSynced=false dust.coins=1 night=1000000000
[sync emission #777 t=60.3s] isSynced=false dust.coins=1 night=1000000000
[sync emission #778 t=60.4s] isSynced=false dust.coins=1 night=1000000000
[sync emission #779 t=60.5s] isSynced=false dust.coins=1 night=1000000000
[sync emission #780 t=60.5s] isSynced=false dust.coins=1 night=1000000000
[sync emission #781 t=60.7s] isSynced=false dust.coins=1 night=1000000000
[sync emission #782 t=60.8s] isSynced=false dust.coins=1 night=1000000000
[sync emission #783 t=60.8s] isSynced=false dust.coins=1 night=1000000000
[sync emission #784 t=60.9s] isSynced=false dust.coins=1 night=1000000000
[sync emission #785 t=60.9s] isSynced=false dust.coins=1 night=1000000000
[sync emission #786 t=61.0s] isSynced=false dust.coins=1 night=1000000000
[sync emission #787 t=61.1s] isSynced=false dust.coins=1 night=1000000000
[sync emission #788 t=61.1s] isSynced=false dust.coins=1 night=1000000000
[sync emission #789 t=61.2s] isSynced=false dust.coins=1 night=1000000000
[sync emission #790 t=61.3s] isSynced=false dust.coins=1 night=1000000000
[sync emission #791 t=61.4s] isSynced=false dust.coins=1 night=1000000000
[sync emission #792 t=61.4s] isSynced=false dust.coins=1 night=1000000000
[sync emission #793 t=61.5s] isSynced=false dust.coins=1 night=1000000000
[sync emission #794 t=61.6s] isSynced=false dust.coins=1 night=1000000000
[sync emission #795 t=61.6s] isSynced=false dust.coins=1 night=1000000000
[sync emission #796 t=61.7s] isSynced=false dust.coins=1 night=1000000000
[sync emission #797 t=61.9s] isSynced=false dust.coins=1 night=1000000000
[sync emission #798 t=61.9s] isSynced=false dust.coins=1 night=1000000000
[sync emission #799 t=61.9s] isSynced=false dust.coins=1 night=1000000000
[sync emission #800 t=62.0s] isSynced=false dust.coins=1 night=1000000000
[sync emission #801 t=62.1s] isSynced=false dust.coins=1 night=1000000000
[sync emission #802 t=62.2s] isSynced=false dust.coins=1 night=1000000000
[sync emission #803 t=62.3s] isSynced=false dust.coins=1 night=1000000000
[sync emission #804 t=62.4s] isSynced=false dust.coins=1 night=1000000000
[sync emission #805 t=62.5s] isSynced=false dust.coins=1 night=1000000000
[sync emission #806 t=62.6s] isSynced=false dust.coins=1 night=1000000000
[sync emission #807 t=62.6s] isSynced=false dust.coins=1 night=1000000000
[sync emission #808 t=62.7s] isSynced=false dust.coins=1 night=1000000000
[sync emission #809 t=62.8s] isSynced=false dust.coins=1 night=1000000000
[sync emission #810 t=62.9s] isSynced=false dust.coins=1 night=1000000000
[sync emission #811 t=63.0s] isSynced=false dust.coins=1 night=1000000000
[sync emission #812 t=63.1s] isSynced=false dust.coins=1 night=1000000000
[sync emission #813 t=63.2s] isSynced=false dust.coins=1 night=1000000000
[sync emission #814 t=63.2s] isSynced=false dust.coins=1 night=1000000000
[sync emission #815 t=63.4s] isSynced=false dust.coins=1 night=1000000000
[sync emission #816 t=63.4s] isSynced=false dust.coins=1 night=1000000000
[sync emission #817 t=63.5s] isSynced=false dust.coins=1 night=1000000000
[sync emission #818 t=63.5s] isSynced=false dust.coins=1 night=1000000000
[sync emission #819 t=63.6s] isSynced=false dust.coins=1 night=1000000000
[sync emission #820 t=63.7s] isSynced=false dust.coins=1 night=1000000000
[sync emission #821 t=63.8s] isSynced=false dust.coins=1 night=1000000000
[sync emission #822 t=63.8s] isSynced=false dust.coins=1 night=1000000000
[sync emission #823 t=63.9s] isSynced=false dust.coins=1 night=1000000000
[sync emission #824 t=64.0s] isSynced=false dust.coins=1 night=1000000000
[sync emission #825 t=64.0s] isSynced=false dust.coins=1 night=1000000000
[sync emission #826 t=64.1s] isSynced=false dust.coins=1 night=1000000000
[sync emission #827 t=64.1s] isSynced=false dust.coins=1 night=1000000000
[sync emission #828 t=64.2s] isSynced=false dust.coins=1 night=1000000000
[sync emission #829 t=64.3s] isSynced=false dust.coins=1 night=1000000000
[sync emission #830 t=64.4s] isSynced=false dust.coins=1 night=1000000000
[sync emission #831 t=64.5s] isSynced=false dust.coins=1 night=1000000000
[sync emission #832 t=64.6s] isSynced=false dust.coins=1 night=1000000000
[sync emission #833 t=64.6s] isSynced=false dust.coins=1 night=1000000000
[sync emission #834 t=64.7s] isSynced=false dust.coins=1 night=1000000000
[sync emission #835 t=64.8s] isSynced=false dust.coins=1 night=1000000000
[sync emission #836 t=64.9s] isSynced=false dust.coins=1 night=1000000000
[sync emission #837 t=65.0s] isSynced=false dust.coins=1 night=1000000000
[sync emission #838 t=65.1s] isSynced=false dust.coins=1 night=1000000000
[sync emission #839 t=65.1s] isSynced=false dust.coins=1 night=1000000000
[sync emission #840 t=65.3s] isSynced=false dust.coins=1 night=1000000000
[sync emission #841 t=65.4s] isSynced=false dust.coins=1 night=1000000000
[sync emission #842 t=65.5s] isSynced=false dust.coins=1 night=1000000000
[sync emission #843 t=65.6s] isSynced=false dust.coins=1 night=1000000000
[sync emission #844 t=65.7s] isSynced=false dust.coins=1 night=1000000000
[sync emission #845 t=65.7s] isSynced=false dust.coins=1 night=1000000000
[sync emission #846 t=65.9s] isSynced=false dust.coins=1 night=1000000000
[sync emission #847 t=65.9s] isSynced=false dust.coins=1 night=1000000000
[sync emission #848 t=66.0s] isSynced=false dust.coins=1 night=1000000000
[sync emission #849 t=66.1s] isSynced=false dust.coins=1 night=1000000000
[sync emission #850 t=66.2s] isSynced=false dust.coins=1 night=1000000000
[sync emission #851 t=66.3s] isSynced=false dust.coins=1 night=1000000000
[sync emission #852 t=66.4s] isSynced=false dust.coins=1 night=1000000000
[sync emission #853 t=66.4s] isSynced=false dust.coins=1 night=1000000000
[sync emission #854 t=66.5s] isSynced=false dust.coins=1 night=1000000000
[sync emission #855 t=66.6s] isSynced=false dust.coins=1 night=1000000000
[sync emission #856 t=66.7s] isSynced=false dust.coins=1 night=1000000000
[sync emission #857 t=66.8s] isSynced=false dust.coins=1 night=1000000000
[sync emission #858 t=66.9s] isSynced=false dust.coins=1 night=1000000000
[sync emission #859 t=67.0s] isSynced=false dust.coins=1 night=1000000000
[sync emission #860 t=67.1s] isSynced=false dust.coins=1 night=1000000000
[sync emission #861 t=67.1s] isSynced=false dust.coins=1 night=1000000000
[sync emission #862 t=67.2s] isSynced=false dust.coins=1 night=1000000000
[sync emission #863 t=67.3s] isSynced=false dust.coins=1 night=1000000000
[sync emission #864 t=67.4s] isSynced=false dust.coins=1 night=1000000000
[sync emission #865 t=67.5s] isSynced=false dust.coins=1 night=1000000000
[sync emission #866 t=67.6s] isSynced=false dust.coins=1 night=1000000000
[sync emission #867 t=67.7s] isSynced=false dust.coins=1 night=1000000000
[sync emission #868 t=67.8s] isSynced=false dust.coins=1 night=1000000000
[sync emission #869 t=67.8s] isSynced=false dust.coins=1 night=1000000000
[sync emission #870 t=67.9s] isSynced=false dust.coins=1 night=1000000000
[sync emission #871 t=68.0s] isSynced=false dust.coins=1 night=1000000000
[sync emission #872 t=68.1s] isSynced=false dust.coins=1 night=1000000000
[sync emission #873 t=68.2s] isSynced=false dust.coins=1 night=1000000000
[sync emission #874 t=68.3s] isSynced=false dust.coins=1 night=1000000000
[sync emission #875 t=68.4s] isSynced=false dust.coins=1 night=1000000000
[sync emission #876 t=68.5s] isSynced=false dust.coins=1 night=1000000000
[sync emission #877 t=68.6s] isSynced=false dust.coins=1 night=1000000000
[sync emission #878 t=68.7s] isSynced=false dust.coins=1 night=1000000000
[sync emission #879 t=68.7s] isSynced=false dust.coins=1 night=1000000000
[sync emission #880 t=68.8s] isSynced=false dust.coins=1 night=1000000000
[sync emission #881 t=68.9s] isSynced=false dust.coins=1 night=1000000000
[sync emission #882 t=69.0s] isSynced=false dust.coins=1 night=1000000000
[sync emission #883 t=69.1s] isSynced=false dust.coins=1 night=1000000000
[sync emission #884 t=69.2s] isSynced=false dust.coins=1 night=1000000000
[sync emission #885 t=69.2s] isSynced=false dust.coins=1 night=1000000000
[sync emission #886 t=69.3s] isSynced=false dust.coins=1 night=1000000000
[sync emission #887 t=69.4s] isSynced=false dust.coins=1 night=1000000000
[sync emission #888 t=69.5s] isSynced=false dust.coins=1 night=1000000000
[sync emission #889 t=69.6s] isSynced=false dust.coins=1 night=1000000000
[sync emission #890 t=69.7s] isSynced=false dust.coins=1 night=1000000000
[sync emission #891 t=69.8s] isSynced=false dust.coins=1 night=1000000000
[sync emission #892 t=69.9s] isSynced=false dust.coins=1 night=1000000000
[sync emission #893 t=69.9s] isSynced=false dust.coins=1 night=1000000000
[sync emission #894 t=70.0s] isSynced=false dust.coins=1 night=1000000000
[sync emission #895 t=70.1s] isSynced=false dust.coins=1 night=1000000000
[sync emission #896 t=70.2s] isSynced=false dust.coins=1 night=1000000000
[sync emission #897 t=70.3s] isSynced=false dust.coins=1 night=1000000000
[sync emission #898 t=70.3s] isSynced=false dust.coins=1 night=1000000000
[sync emission #899 t=70.5s] isSynced=false dust.coins=1 night=1000000000
[sync emission #900 t=70.5s] isSynced=false dust.coins=1 night=1000000000
[sync emission #901 t=70.7s] isSynced=false dust.coins=1 night=1000000000
[sync emission #902 t=70.7s] isSynced=false dust.coins=1 night=1000000000
[sync emission #903 t=70.8s] isSynced=false dust.coins=1 night=1000000000
[sync emission #904 t=70.9s] isSynced=false dust.coins=1 night=1000000000
[sync emission #905 t=71.0s] isSynced=false dust.coins=1 night=1000000000
[sync emission #906 t=71.1s] isSynced=false dust.coins=1 night=1000000000
[sync emission #907 t=71.1s] isSynced=false dust.coins=1 night=1000000000
[sync emission #908 t=71.2s] isSynced=false dust.coins=1 night=1000000000
[sync emission #909 t=71.3s] isSynced=false dust.coins=1 night=1000000000
[sync emission #910 t=71.5s] isSynced=false dust.coins=1 night=1000000000
[sync emission #911 t=71.6s] isSynced=false dust.coins=1 night=1000000000
[sync emission #912 t=71.7s] isSynced=false dust.coins=1 night=1000000000
[sync emission #913 t=71.7s] isSynced=false dust.coins=1 night=1000000000
[sync emission #914 t=71.8s] isSynced=false dust.coins=1 night=1000000000
[sync emission #915 t=71.9s] isSynced=false dust.coins=1 night=1000000000
[sync emission #916 t=72.0s] isSynced=false dust.coins=1 night=1000000000
[sync emission #917 t=72.0s] isSynced=false dust.coins=1 night=1000000000
[sync emission #918 t=72.1s] isSynced=false dust.coins=1 night=1000000000
[sync emission #919 t=72.2s] isSynced=false dust.coins=1 night=1000000000
[sync emission #920 t=72.3s] isSynced=false dust.coins=1 night=1000000000
[sync emission #921 t=72.4s] isSynced=false dust.coins=1 night=1000000000
[sync emission #922 t=72.5s] isSynced=false dust.coins=1 night=1000000000
[sync emission #923 t=72.6s] isSynced=false dust.coins=1 night=1000000000
[sync emission #924 t=72.8s] isSynced=false dust.coins=1 night=1000000000
[sync emission #925 t=72.9s] isSynced=false dust.coins=1 night=1000000000
[sync emission #926 t=72.9s] isSynced=false dust.coins=1 night=1000000000
[sync emission #927 t=73.1s] isSynced=false dust.coins=1 night=1000000000
[sync emission #928 t=73.2s] isSynced=false dust.coins=1 night=1000000000
[sync emission #929 t=73.3s] isSynced=false dust.coins=1 night=1000000000
[sync emission #930 t=73.3s] isSynced=false dust.coins=1 night=1000000000
[sync emission #931 t=73.4s] isSynced=false dust.coins=1 night=1000000000
[sync emission #932 t=73.5s] isSynced=false dust.coins=1 night=1000000000
[sync emission #933 t=73.6s] isSynced=false dust.coins=1 night=1000000000
[sync emission #934 t=73.7s] isSynced=false dust.coins=1 night=1000000000
[sync emission #935 t=73.8s] isSynced=false dust.coins=1 night=1000000000
[sync emission #936 t=73.9s] isSynced=false dust.coins=1 night=1000000000
[sync emission #937 t=74.0s] isSynced=false dust.coins=1 night=1000000000
[sync emission #938 t=74.2s] isSynced=false dust.coins=1 night=1000000000
[sync emission #939 t=74.3s] isSynced=false dust.coins=1 night=1000000000
[sync emission #940 t=74.4s] isSynced=false dust.coins=1 night=1000000000
[sync emission #941 t=74.5s] isSynced=false dust.coins=1 night=1000000000
[sync emission #942 t=74.5s] isSynced=false dust.coins=1 night=1000000000
[sync emission #943 t=74.6s] isSynced=false dust.coins=1 night=1000000000
[sync emission #944 t=74.7s] isSynced=false dust.coins=1 night=1000000000
[sync emission #945 t=74.8s] isSynced=false dust.coins=1 night=1000000000
[sync emission #946 t=74.9s] isSynced=false dust.coins=1 night=1000000000
[sync emission #947 t=75.0s] isSynced=false dust.coins=1 night=1000000000
[sync emission #948 t=75.1s] isSynced=false dust.coins=1 night=1000000000
[sync emission #949 t=75.2s] isSynced=false dust.coins=1 night=1000000000
[sync emission #950 t=75.3s] isSynced=false dust.coins=1 night=1000000000
[sync emission #951 t=75.4s] isSynced=false dust.coins=1 night=1000000000
[sync emission #952 t=75.5s] isSynced=false dust.coins=1 night=1000000000
[sync emission #953 t=75.7s] isSynced=false dust.coins=1 night=1000000000
[sync emission #954 t=75.8s] isSynced=false dust.coins=1 night=1000000000
[sync emission #955 t=75.9s] isSynced=false dust.coins=1 night=1000000000
[sync emission #956 t=76.0s] isSynced=false dust.coins=1 night=1000000000
[sync emission #957 t=76.2s] isSynced=false dust.coins=1 night=1000000000
[sync emission #958 t=76.2s] isSynced=false dust.coins=1 night=1000000000
[sync emission #959 t=76.4s] isSynced=false dust.coins=1 night=1000000000
[sync emission #960 t=76.5s] isSynced=false dust.coins=1 night=1000000000
[sync emission #961 t=76.6s] isSynced=false dust.coins=1 night=1000000000
[sync emission #962 t=76.8s] isSynced=false dust.coins=1 night=1000000000
[sync emission #963 t=76.8s] isSynced=false dust.coins=1 night=1000000000
[sync emission #964 t=76.9s] isSynced=false dust.coins=1 night=1000000000
[sync emission #965 t=77.0s] isSynced=false dust.coins=1 night=1000000000
[sync emission #966 t=77.1s] isSynced=false dust.coins=1 night=1000000000
[sync emission #967 t=77.2s] isSynced=false dust.coins=1 night=1000000000
[sync emission #968 t=77.3s] isSynced=false dust.coins=1 night=1000000000
[sync emission #969 t=77.3s] isSynced=false dust.coins=1 night=1000000000
[sync emission #970 t=77.4s] isSynced=false dust.coins=1 night=1000000000
[sync emission #971 t=77.5s] isSynced=false dust.coins=1 night=1000000000
[sync emission #972 t=77.6s] isSynced=false dust.coins=1 night=1000000000
[sync emission #973 t=77.7s] isSynced=false dust.coins=1 night=1000000000
[sync emission #974 t=77.8s] isSynced=false dust.coins=1 night=1000000000
[sync emission #975 t=77.9s] isSynced=false dust.coins=1 night=1000000000
[sync emission #976 t=78.0s] isSynced=false dust.coins=1 night=1000000000
[sync emission #977 t=78.0s] isSynced=false dust.coins=1 night=1000000000
[sync emission #978 t=78.1s] isSynced=false dust.coins=1 night=1000000000
[sync emission #979 t=78.2s] isSynced=false dust.coins=1 night=1000000000
[sync emission #980 t=78.3s] isSynced=false dust.coins=1 night=1000000000
[sync emission #981 t=78.4s] isSynced=false dust.coins=1 night=1000000000
[sync emission #982 t=78.5s] isSynced=false dust.coins=1 night=1000000000
[sync emission #983 t=78.6s] isSynced=false dust.coins=1 night=1000000000
[sync emission #984 t=78.7s] isSynced=false dust.coins=1 night=1000000000
[sync emission #985 t=78.8s] isSynced=false dust.coins=1 night=1000000000
[sync emission #986 t=78.9s] isSynced=false dust.coins=1 night=1000000000
[sync emission #987 t=79.0s] isSynced=false dust.coins=1 night=1000000000
[sync emission #988 t=79.1s] isSynced=false dust.coins=1 night=1000000000
[sync emission #989 t=79.2s] isSynced=false dust.coins=1 night=1000000000
[sync emission #990 t=79.3s] isSynced=false dust.coins=1 night=1000000000
[sync emission #991 t=79.4s] isSynced=false dust.coins=1 night=1000000000
[sync emission #992 t=79.5s] isSynced=false dust.coins=1 night=1000000000
[sync emission #993 t=79.6s] isSynced=false dust.coins=1 night=1000000000
[sync emission #994 t=79.7s] isSynced=false dust.coins=1 night=1000000000
[sync emission #995 t=79.8s] isSynced=false dust.coins=1 night=1000000000
[sync emission #996 t=79.8s] isSynced=false dust.coins=1 night=1000000000
[sync emission #997 t=80.0s] isSynced=false dust.coins=1 night=1000000000
[sync emission #998 t=80.0s] isSynced=false dust.coins=1 night=1000000000
[sync emission #999 t=80.1s] isSynced=false dust.coins=1 night=1000000000
[sync emission #1000 t=80.2s] isSynced=false dust.coins=1 night=1000000000
[sync emission #1001 t=80.3s] isSynced=false dust.coins=1 night=1000000000
[sync emission #1002 t=80.5s] isSynced=false dust.coins=1 night=1000000000
[sync emission #1003 t=80.6s] isSynced=false dust.coins=1 night=1000000000
[sync emission #1004 t=80.7s] isSynced=false dust.coins=1 night=1000000000
[sync emission #1005 t=80.8s] isSynced=false dust.coins=1 night=1000000000
[sync emission #1006 t=82.6s] isSynced=false dust.coins=1 night=1000000000
[sync emission #1007 t=82.7s] isSynced=false dust.coins=1 night=1000000000
[sync emission #1008 t=82.8s] isSynced=false dust.coins=1 night=1000000000
[sync emission #1009 t=82.8s] isSynced=false dust.coins=1 night=1000000000
[sync emission #1010 t=82.9s] isSynced=false dust.coins=1 night=1000000000
[sync emission #1011 t=83.0s] isSynced=false dust.coins=1 night=1000000000
[sync emission #1012 t=83.1s] isSynced=false dust.coins=1 night=1000000000
[sync emission #1013 t=83.2s] isSynced=false dust.coins=1 night=1000000000
[sync emission #1014 t=83.3s] isSynced=false dust.coins=1 night=1000000000
[sync emission #1015 t=83.4s] isSynced=false dust.coins=1 night=1000000000
[sync emission #1016 t=83.6s] isSynced=false dust.coins=1 night=1000000000
[sync emission #1017 t=83.7s] isSynced=false dust.coins=1 night=1000000000
[sync emission #1018 t=83.7s] isSynced=false dust.coins=1 night=1000000000
[sync emission #1019 t=83.8s] isSynced=false dust.coins=1 night=1000000000
[sync emission #1020 t=83.9s] isSynced=false dust.coins=1 night=1000000000
[sync emission #1021 t=84.0s] isSynced=false dust.coins=1 night=1000000000
[sync emission #1022 t=84.1s] isSynced=false dust.coins=1 night=1000000000
[sync emission #1023 t=84.2s] isSynced=false dust.coins=1 night=1000000000
[sync emission #1024 t=84.3s] isSynced=false dust.coins=1 night=1000000000
[sync emission #1025 t=84.4s] isSynced=false dust.coins=1 night=1000000000
[sync emission #1026 t=84.5s] isSynced=false dust.coins=1 night=1000000000
[sync emission #1027 t=84.6s] isSynced=false dust.coins=1 night=1000000000
[sync emission #1028 t=84.7s] isSynced=false dust.coins=1 night=1000000000
[sync emission #1029 t=84.8s] isSynced=false dust.coins=1 night=1000000000
[sync emission #1030 t=84.9s] isSynced=false dust.coins=1 night=1000000000
[sync emission #1031 t=85.0s] isSynced=false dust.coins=1 night=1000000000
[sync emission #1032 t=85.1s] isSynced=false dust.coins=1 night=1000000000
[sync emission #1033 t=85.2s] isSynced=false dust.coins=1 night=1000000000
[sync emission #1034 t=85.3s] isSynced=false dust.coins=1 night=1000000000
[sync emission #1035 t=85.4s] isSynced=false dust.coins=1 night=1000000000
[sync emission #1036 t=85.5s] isSynced=false dust.coins=1 night=1000000000
[sync emission #1037 t=85.6s] isSynced=false dust.coins=1 night=1000000000
[sync emission #1038 t=85.6s] isSynced=false dust.coins=1 night=1000000000
[sync emission #1039 t=85.7s] isSynced=false dust.coins=1 night=1000000000
[sync emission #1040 t=85.8s] isSynced=false dust.coins=1 night=1000000000
[sync emission #1041 t=85.9s] isSynced=false dust.coins=1 night=1000000000
[sync emission #1042 t=86.0s] isSynced=false dust.coins=1 night=1000000000
[sync emission #1043 t=86.1s] isSynced=false dust.coins=1 night=1000000000
[sync emission #1044 t=86.2s] isSynced=false dust.coins=1 night=1000000000
[sync emission #1045 t=86.3s] isSynced=false dust.coins=1 night=1000000000
[sync emission #1046 t=86.4s] isSynced=false dust.coins=1 night=1000000000
[sync emission #1047 t=86.5s] isSynced=false dust.coins=1 night=1000000000
[sync emission #1048 t=86.6s] isSynced=false dust.coins=1 night=1000000000
[sync emission #1049 t=86.6s] isSynced=false dust.coins=1 night=1000000000
[sync emission #1050 t=86.7s] isSynced=false dust.coins=1 night=1000000000
[sync emission #1051 t=86.8s] isSynced=false dust.coins=1 night=1000000000
[sync emission #1052 t=86.8s] isSynced=false dust.coins=1 night=1000000000
[sync emission #1053 t=86.9s] isSynced=false dust.coins=1 night=1000000000
[sync emission #1054 t=87.0s] isSynced=false dust.coins=1 night=1000000000
[sync emission #1055 t=87.1s] isSynced=false dust.coins=1 night=1000000000
[sync emission #1056 t=87.3s] isSynced=false dust.coins=1 night=1000000000
[sync emission #1057 t=87.3s] isSynced=false dust.coins=1 night=1000000000
[sync emission #1058 t=87.4s] isSynced=false dust.coins=1 night=1000000000
[sync emission #1059 t=87.5s] isSynced=false dust.coins=1 night=1000000000
[sync emission #1060 t=87.6s] isSynced=false dust.coins=1 night=1000000000
[sync emission #1061 t=87.6s] isSynced=false dust.coins=1 night=1000000000
[sync emission #1062 t=87.7s] isSynced=false dust.coins=1 night=1000000000
[sync emission #1063 t=87.8s] isSynced=false dust.coins=1 night=1000000000
[sync emission #1064 t=87.9s] isSynced=false dust.coins=1 night=1000000000
[sync emission #1065 t=88.0s] isSynced=false dust.coins=1 night=1000000000
[sync emission #1066 t=88.1s] isSynced=false dust.coins=1 night=1000000000
[sync emission #1067 t=88.2s] isSynced=false dust.coins=1 night=1000000000
[sync emission #1068 t=88.3s] isSynced=false dust.coins=1 night=1000000000
[sync emission #1069 t=88.4s] isSynced=false dust.coins=1 night=1000000000
[sync emission #1070 t=88.5s] isSynced=false dust.coins=1 night=1000000000
[sync emission #1071 t=88.5s] isSynced=false dust.coins=1 night=1000000000
[sync emission #1072 t=88.6s] isSynced=false dust.coins=1 night=1000000000
[sync emission #1073 t=88.7s] isSynced=false dust.coins=1 night=1000000000
[sync emission #1074 t=88.7s] isSynced=false dust.coins=1 night=1000000000
[sync emission #1075 t=88.8s] isSynced=false dust.coins=1 night=1000000000
[sync emission #1076 t=88.9s] isSynced=false dust.coins=1 night=1000000000
[sync emission #1077 t=89.0s] isSynced=false dust.coins=1 night=1000000000
[sync emission #1078 t=89.0s] isSynced=false dust.coins=1 night=1000000000
[sync emission #1079 t=89.1s] isSynced=false dust.coins=1 night=1000000000
[sync emission #1080 t=89.2s] isSynced=false dust.coins=1 night=1000000000
[sync emission #1081 t=89.4s] isSynced=false dust.coins=1 night=1000000000
[sync emission #1082 t=89.5s] isSynced=false dust.coins=1 night=1000000000
[sync emission #1083 t=89.6s] isSynced=false dust.coins=1 night=1000000000
[sync emission #1084 t=89.7s] isSynced=false dust.coins=1 night=1000000000
[sync emission #1085 t=89.7s] isSynced=false dust.coins=1 night=1000000000
[sync emission #1086 t=89.8s] isSynced=false dust.coins=1 night=1000000000
[sync emission #1087 t=89.9s] isSynced=false dust.coins=1 night=1000000000
[sync emission #1088 t=89.9s] isSynced=false dust.coins=1 night=1000000000
[sync emission #1089 t=90.0s] isSynced=false dust.coins=1 night=1000000000
[sync emission #1090 t=90.1s] isSynced=false dust.coins=1 night=1000000000
[sync emission #1091 t=90.2s] isSynced=false dust.coins=1 night=1000000000
[sync emission #1092 t=90.3s] isSynced=false dust.coins=1 night=1000000000
[sync emission #1093 t=90.3s] isSynced=false dust.coins=1 night=1000000000
[sync emission #1094 t=90.4s] isSynced=false dust.coins=1 night=1000000000
[sync emission #1095 t=90.5s] isSynced=false dust.coins=1 night=1000000000
[sync emission #1096 t=90.6s] isSynced=false dust.coins=1 night=1000000000
[sync emission #1097 t=90.6s] isSynced=true dust.coins=1 night=1000000000
[deploy] Sync complete in 90.6s after 1097 emissions
[20:05:31.373] [32mINFO[39m (5976): [36mwallet state persisted[39m
    [35mdir[39m: "/home/takuya/midnight/gyotak-catch/midnight-level-db/preprod"

──────────────────────────────────────────────────────────────
  Wallet Overview                            Network: preprod
──────────────────────────────────────────────────────────────

  Shielded (ZSwap)
  └─ Address: mn_shield-addr_preprod1c8yf4dmy47pshyznhx4gtp89grzsqkg89etx58pnwftwcms9gapaglvjjvtkcy49sj5kc65qx5vsrmsw7fqd6aealz3gkeg2kzqfqes2xkw2n

  Unshielded
  ├─ Address: mn_addr_preprod156r935l92s4r6ze2k4nffn0k5en25jqprhg9x3xl3lm0ltkaam8q4py66s
  └─ Balance: 1,000,000,000 tNight

  Dust
  └─ Address: mn_dust_preprod1wd6rgfyh77awlww7rs2cufcun5uwpjvfcd2jhs3dqx2k42msxrlhzqa9l3l

──────────────────────────────────────────────────────────────
    DUST present: 2,207,199,165,999,999,996 (1 coins)

  ✓ Dust tokens already available (2,207,199,165,999,999,996 DUST)
[20:05:32.723] [32mINFO[39m (5976): [36mwallet state persisted[39m
    [35mdir[39m: "/home/takuya/midnight/gyotak-catch/midnight-level-db/preprod"
