=== E-1 diag v3 (Cause graph traversal) ===
Run: 2026-05-08T20:21:59+07:00 Exit: 2

--- stderr (full) ---
[diag] building wallet...
[diag] configuring providers...
[diag] calling api.deploy(providers, initialOwner)...
[diag] DEPLOY FAILED — cause chain:
[FiberFailureImpl] message=Failed to prove transaction
stack:
  Wallet.Proving: Failed to prove transaction
      at Object.onFailure (file:///home/takuya/midnight/gyotak-catch/node_modules/@midnight-ntwrk/wallet-sdk-capabilities/dist/proving/provingService.js:30:57)
      at file:///home/takuya/midnight/gyotak-catch/node_modules/effect/dist/esm/internal/core.js:453:22
      at file:///home/takuya/midnight/gyotak-catch/node_modules/effect/dist/esm/internal/fiberRuntime.js:983:46
  prop name: (FiberFailure) Wallet.Proving
  sym Symbol(effect/Runtime/FiberFailure): Symbol(effect/Runtime/FiberFailure)
  sym Symbol(effect/Runtime/FiberFailure/Cause): <Object>
[symbol Cause graph]:
  [Object]
    json={"_id":"Cause","_tag":"Fail","failure":{"message":"Failed to prove transaction","cause":{"message":"Failed to prove transaction","cause":{},"_tag":"ClientError"},"_tag":"Wallet.Proving"}}
    prop _tag: Fail
    prop error: <ProvingError>
toJSON: {"_id":"FiberFailure","cause":{"_id":"Cause","_tag":"Fail","failure":{"message":"Failed to prove transaction","cause":{"message":"Failed to prove transaction","cause":{},"_tag":"ClientError"},"_tag":"Wallet.Proving"}}}
