
> gyotak-catch@1.0.0 deploy:preprod
> NODE_OPTIONS='--max-old-space-size=8192' npm run preprod -- deploy --initial-owner 5e8c984df5acc1948c6a9b969e92f6d1c237257a8cc0e4b629335ec6818dcc99


> gyotak-catch@1.0.0 preprod
> PATH=/home/takuya/.local/node22/bin:$PATH NODE_OPTIONS='--max-old-space-size=8192' node --no-warnings --experimental-specifier-resolution=node --loader ts-node/esm src/preprod.ts deploy --initial-owner 5e8c984df5acc1948c6a9b969e92f6d1c237257a8cc0e4b629335ec6818dcc99


[wallet] Restoring saved state from /home/takuya/midnight/gyotak-catch/midnight-level-db/preprod
  ✓ Building wallet

──────────────────────────────────────────────────────────────
  Wallet Overview                            Network: preprod
──────────────────────────────────────────────────────────────
  Unshielded Address (send tNight here):
  mn_addr_preprod156r935l92s4r6ze2k4nffn0k5en25jqprhg9x3xl3lm0ltkaam8q4py66s
──────────────────────────────────────────────────────────────

[deploy] Starting wallet sync (no spinner wrap)...
[sync emission #1 t=0.0s] isSynced=false dust.coins=1 night=1000000000
[sync emission #2 t=1.3s] isSynced=false dust.coins=1 night=1000000000
[sync emission #3 t=1.3s] isSynced=false dust.coins=1 night=1000000000
[sync emission #4 t=1.3s] isSynced=false dust.coins=1 night=1000000000
[sync emission #5 t=1.3s] isSynced=false dust.coins=1 night=1000000000
[sync emission #6 t=1.4s] isSynced=false dust.coins=1 night=1000000000
[sync emission #7 t=1.5s] isSynced=false dust.coins=1 night=1000000000
[sync emission #8 t=1.6s] isSynced=false dust.coins=1 night=1000000000
[sync emission #9 t=1.8s] isSynced=false dust.coins=1 night=1000000000
[sync emission #10 t=1.8s] isSynced=false dust.coins=1 night=1000000000
[sync emission #11 t=1.9s] isSynced=false dust.coins=1 night=1000000000
[sync emission #12 t=2.0s] isSynced=false dust.coins=1 night=1000000000
[sync emission #13 t=2.1s] isSynced=true dust.coins=1 night=1000000000
[deploy] Sync complete in 2.1s after 13 emissions
[20:14:25.547] [32mINFO[39m (6175): [36mwallet state persisted[39m
    [35mdir[39m: "/home/takuya/midnight/gyotak-catch/midnight-level-db/preprod"

──────────────────────────────────────────────────────────────
  Wallet Overview                            Network: preprod
──────────────────────────────────────────────────────────────

  Shielded (ZSwap)
  └─ Address: mn_shield-addr_preprod1c8yf4dmy47pshyznhx4gtp89grzsqkg89etx58pnwftwcms9gapaglvjjvtkcy49sj5kc65qx5vsrmsw7fqd6aealz3gkeg2kzqfqes2xkw2n

  Unshielded
  ├─ Address: mn_addr_preprod156r935l92s4r6ze2k4nffn0k5en25jqprhg9x3xl3lm0ltkaam8q4py66s
  └─ Balance: 1,000,000,000 tNight

  Dust
  └─ Address: mn_dust_preprod1wd6rgfyh77awlww7rs2cufcun5uwpjvfcd2jhs3dqx2k42msxrlhzqa9l3l

──────────────────────────────────────────────────────────────
    DUST present: 2,211,605,476,999,999,996 (1 coins)

  ✓ Dust tokens already available (2,211,605,476,999,999,996 DUST)
  ✓ Configuring providers
[20:14:25.604] [32mINFO[39m (6175): [36mDeploying gyotak-catch contract...[39m
    [35minitialOwner[39m: "5e8c984df5acc1948c6a9b969e92f6d1c237257a8cc0e4b629335ec6818dcc99"
  ⠋ Deploying contract  ⠙ Deploying contract  ⠹ Deploying contract  ⠸ Deploying contract  ⠼ Deploying contract  ⠴ Deploying contract  ⠦ Deploying contract  ⠧ Deploying contract  ⠇ Deploying contract  ⠏ Deploying contract  ⠋ Deploying contract  ⠙ Deploying contract  ✗ Deploying contract
[20:14:27.657] [32mINFO[39m (6175): [36mwallet state persisted[39m
    [35mdir[39m: "/home/takuya/midnight/gyotak-catch/midnight-level-db/preprod"
[20:14:27.690] [31mERROR[39m (6175): [36mCommand failed.[39m
    [35mstack[39m: "Wallet.Proving: Failed to prove transaction\n    at Object.onFailure (file:///home/takuya/midnight/gyotak-catch/node_modules/@midnight-ntwrk/wallet-sdk-capabilities/dist/proving/provingService.js:30:57)\n    at file:///home/takuya/midnight/gyotak-catch/node_modules/effect/dist/esm/internal/core.js:453:22\n    at file:///home/takuya/midnight/gyotak-catch/node_modules/effect/dist/esm/internal/fiberRuntime.js:983:46"
    err: "Failed to prove transaction"
