
> gyotak-catch@1.0.0 record-catch:preprod
> NODE_OPTIONS='--max-old-space-size=8192' npm run preprod -- record-catch NEG-TEST-X-001 Bangkok 2026-05-08 TestFish https://placehold.co/200x200.png 13.7563 100.5018


> gyotak-catch@1.0.0 preprod
> PATH=/home/takuya/.local/node22/bin:$PATH NODE_OPTIONS='--max-old-space-size=8192' node --no-warnings --experimental-specifier-resolution=node --loader ts-node/esm src/preprod.ts record-catch NEG-TEST-X-001 Bangkok 2026-05-08 TestFish https://placehold.co/200x200.png 13.7563 100.5018

[20:55:48.909] [32mINFO[39m (8177): [36mFetching photo for hashing...[39m
    [35mphotoUrl[39m: "https://placehold.co/200x200.png"
[20:55:49.162] [32mINFO[39m (8177): [36mphoto sha256 computed[39m
    [35mphotoBytes[39m: 2220
    [35mphotoHash[39m: "e96616c15e7a63a4d21bd46dc64a2b358f26577b994b24b4362a84460e352955"

[wallet] Restoring saved state from /home/takuya/midnight/gyotak-catch/midnight-level-db/preprod
  ✓ Building wallet

──────────────────────────────────────────────────────────────
  Wallet Overview                            Network: preprod
──────────────────────────────────────────────────────────────
  Unshielded Address (send tNight here):
  mn_addr_preprod156r935l92s4r6ze2k4nffn0k5en25jqprhg9x3xl3lm0ltkaam8q4py66s
──────────────────────────────────────────────────────────────

[deploy] Starting wallet sync (no spinner wrap)...
[sync emission #1 t=0.0s] isSynced=false dust.coins=1 night=1000000000
[sync emission #2 t=1.1s] isSynced=false dust.coins=1 night=1000000000
[sync emission #3 t=1.1s] isSynced=false dust.coins=1 night=1000000000
[sync emission #4 t=1.1s] isSynced=false dust.coins=1 night=1000000000
[sync emission #5 t=1.1s] isSynced=false dust.coins=1 night=1000000000
[sync emission #6 t=1.2s] isSynced=false dust.coins=1 night=1000000000
[sync emission #7 t=1.3s] isSynced=false dust.coins=1 night=1000000000
[sync emission #8 t=1.4s] isSynced=false dust.coins=1 night=1000000000
[sync emission #9 t=1.4s] isSynced=true dust.coins=1 night=1000000000
[deploy] Sync complete in 1.5s after 9 emissions
[20:56:11.131] [32mINFO[39m (8177): [36mwallet state persisted[39m
    [35mdir[39m: "/home/takuya/midnight/gyotak-catch/midnight-level-db/preprod"

──────────────────────────────────────────────────────────────
  Wallet Overview                            Network: preprod
──────────────────────────────────────────────────────────────

  Shielded (ZSwap)
  └─ Address: mn_shield-addr_preprod1c8yf4dmy47pshyznhx4gtp89grzsqkg89etx58pnwftwcms9gapaglvjjvtkcy49sj5kc65qx5vsrmsw7fqd6aealz3gkeg2kzqfqes2xkw2n

  Unshielded
  ├─ Address: mn_addr_preprod156r935l92s4r6ze2k4nffn0k5en25jqprhg9x3xl3lm0ltkaam8q4py66s
  └─ Balance: 1,000,000,000 tNight

  Dust
  └─ Address: mn_dust_preprod1wd6rgfyh77awlww7rs2cufcun5uwpjvfcd2jhs3dqx2k42msxrlhzqa9l3l

──────────────────────────────────────────────────────────────
    DUST present: 2,231,422,578,999,999,993 (1 coins)

  ✓ Dust tokens already available (2,231,422,578,999,999,993 DUST)
  ✓ Configuring providers
[20:56:15.035] [32mINFO[39m (8177): [36mJoined contract at address: 53b8303fc72a83abd3d26e5372102a58cc9be55c42e383695b46a0f2d33e285f[39m
[20:56:15.036] [32mINFO[39m (8177): [36mrecordCatch...[39m
    [35mbatchId[39m: "4e45472d544553542d582d303031000000000000000000000000000000000000"
  ⠋ Submitting recordCatch  ⠙ Submitting recordCatch  ⠹ Submitting recordCatch  ⠸ Submitting recordCatch  ⠼ Submitting recordCatch  ⠴ Submitting recordCatch  ⠦ Submitting recordCatch  ⠧ Submitting recordCatch  ⠇ Submitting recordCatch  ⠏ Submitting recordCatch  ⠋ Submitting recordCatch  ⠙ Submitting recordCatch  ⠹ Submitting recordCatch  ✗ Submitting recordCatch
[20:56:16.891] [32mINFO[39m (8177): [36mwallet state persisted[39m
    [35mdir[39m: "/home/takuya/midnight/gyotak-catch/midnight-level-db/preprod"
[20:56:16.923] [31mERROR[39m (8177): [36mCommand failed.[39m
    [35mstack[39m: "Error: Unexpected error executing scoped transaction '<unnamed>': Error: failed assert: unauthorized\n    at scoped (file:///home/takuya/midnight/gyotak-catch/node_modules/@midnight-ntwrk/midnight-js-contracts/dist/index.mjs:804:25)\n    at async Module.recordCatch (file:///home/takuya/midnight/gyotak-catch/src/api.ts:80:29)\n    at async Module.withStatus (file:///home/takuya/midnight/gyotak-catch/src/api.ts:199:24)\n    at async cmdRecordCatch (file:///home/takuya/midnight/gyotak-catch/src/cli.ts:204:24)\n    at async run (file:///home/takuya/midnight/gyotak-catch/src/cli.ts:257:17)\n    at async file:///home/takuya/midnight/gyotak-catch/src/preprod.ts:6:1"
    err: "Unexpected error executing scoped transaction '<unnamed>': Error: failed assert: unauthorized"
