Finding:     CF_API_TOKEN=[1;3;mcfut_vun29R...[0m
Secret:      [1;3;mcfut_vun29R...[0m
RuleID:      generic-api-key
Entropy:     5.086411
File:        .env.mainnet.bak
Line:        2
Fingerprint: .env.mainnet.bak:generic-api-key:2

Finding:     CF_API_TOKEN=[1;3;mcfut_vun29R...[0m
Secret:      [1;3;mcfut_vun29R...[0m
RuleID:      generic-api-key
Entropy:     5.086411
File:        .env
Line:        2
Fingerprint: .env:generic-api-key:2

Finding:     const WORKER_TOKEN = '[1;3;mgyota...[0m'
Secret:      [1;3;mgyota...[0m
RuleID:      generic-api-key
Entropy:     3.671406
File:        dist/scripts/realign-d1-with-chain.js
Line:        42
Fingerprint: dist/scripts/realign-d1-with-chain.js:generic-api-key:42

Finding:     const WORKER_TOKEN = '[1;3;mgyota...[0m'
Secret:      [1;3;mgyota...[0m
RuleID:      generic-api-key
Entropy:     3.671406
File:        scripts/realign-d1-with-chain.ts
Line:        49
Fingerprint: scripts/realign-d1-with-chain.ts:generic-api-key:49

[90m4:30AM[0m [32mINF[0m [1mscanned ~23299916 bytes (23.30 MB) in 6.33s[0m
[90m4:30AM[0m [33mWRN[0m [1mleaks found: 4[0m
